[NX v22.6.3 Daemon Client] - 2026-04-01T02:35:24.131Z - [Client] Starting new daemon server in background
[NX v22.6.3 Daemon Client] - 2026-04-01T02:35:24.138Z - [Client] Waiting for server (max: 6000 attempts, 10ms interval)
[NX v22.6.3 Daemon Server] - 2026-04-01T02:35:24.424Z - New daemon starting from: /home/ec2-user/polytropos-dev/polytropos-plugins/node_modules/.pnpm/nx@22.6.3/node_modules/nx/src/daemon/server/server.js
[NX v22.6.3 Daemon Server] - 2026-04-01T02:35:24.428Z - New daemon __dirname: /home/ec2-user/polytropos-dev/polytropos-plugins/node_modules/.pnpm/nx@22.6.3/node_modules/nx/src/daemon/server
[NX v22.6.3 Daemon Server] - 2026-04-01T02:35:24.428Z - New daemon nxVersion: 22.6.3
[NX v22.6.3 Daemon Server] - 2026-04-01T02:35:24.429Z - New daemon getInstalledNxVersion(): 22.6.3
[NX v22.6.3 Daemon Server] - 2026-04-01T02:35:24.433Z - Time taken for 'workspace context init' 1.357086000000038ms
[NX v22.6.3 Daemon Server] - 2026-04-01T02:35:24.455Z - [Server] Starting outdated check interval (20ms)
[NX v22.6.3 Daemon Server] - 2026-04-01T02:35:24.457Z - Started listening on: /tmp/6bee7f11fa27a348d6ea/d.sock
[NX v22.6.3 Daemon Server] - 2026-04-01T02:35:24.458Z - [WATCHER]: Subscribed to changes within: /home/ec2-user/polytropos-dev/polytropos-plugins (native)
[NX v22.6.3 Daemon Server] - 2026-04-01T02:35:24.459Z - [LATEST-NX]: Pulling latest Nx...
Fetching nx...
[NX v22.6.3 Daemon Client] - 2026-04-01T02:35:24.463Z - [Client] Server available after 29 attempts
[NX v22.6.3 Daemon Client] - 2026-04-01T02:35:24.463Z - [Client] Daemon server started, pid=1937233
[NX v22.6.3 Daemon Client] - 2026-04-01T02:35:24.463Z - [Messenger] Setting up socket listeners
[NX v22.6.3 Daemon Client] - 2026-04-01T02:35:24.464Z - [Messenger] listen() complete
[NX v22.6.3 Daemon Client] - 2026-04-01T02:35:24.474Z - [Messenger] Sending message type: REQUEST_PROJECT_GRAPH
[NX v22.6.3 Daemon Client] - 2026-04-01T02:35:24.475Z - [Messenger] Message sent
[NX v22.6.3 Daemon Server] - 2026-04-01T02:35:24.477Z - [AI-AGENTS]: Starting agent configuration status computation
[NX v22.6.3 Daemon Server] - 2026-04-01T02:35:24.479Z - Established a connection. Number of open connections: 1
[NX v22.6.3 Daemon Server] - 2026-04-01T02:35:24.480Z - Established a connection. Number of open connections: 2
[NX v22.6.3 Daemon Server] - 2026-04-01T02:35:24.481Z - Closed a connection. Number of open connections: 1
[NX v22.6.3 Daemon Server] - 2026-04-01T02:35:24.511Z - Received raw message of length 32
[NX v22.6.3 Daemon Server] - 2026-04-01T02:35:24.512Z - Received json message of type REQUEST_PROJECT_GRAPH
[NX v22.6.3 Daemon Server] - 2026-04-01T02:35:24.512Z - [REQUEST]: Client Request for Project Graph Received
[NX v22.6.3 Daemon Server] - 2026-04-01T02:35:24.556Z - Time taken for 'loadSpecifiedNxPlugins' 41.474042999999995ms
Time taken for 'plugin worker 1937502 code loading' 585.785463ms
[NX v22.6.3 Daemon Server] - 2026-04-01T02:35:25.237Z - Time taken for 'start-plugin-worker:/home/ec2-user/polytropos-dev/polytropos-plugins/node_modules/.pnpm/nx@22.6.3/node_modules/nx/src/plugins/package-json' 706.378048ms
[NX v22.6.3 Daemon Server] - 2026-04-01T02:35:25.268Z - Time taken for 'start-plugin-worker:/home/ec2-user/polytropos-dev/polytropos-plugins/node_modules/.pnpm/nx@22.6.3/node_modules/nx/src/plugins/project-json/build-nodes/project-json' 722.409131ms
Time taken for 'plugin worker 1937519 code loading' 618.4017130000001ms
[NX v22.6.3 Daemon Server] - 2026-04-01T02:35:25.278Z - Time taken for 'start-plugin-worker:/home/ec2-user/polytropos-dev/polytropos-plugins/node_modules/.pnpm/nx@22.6.3/node_modules/nx/src/plugins/js' 763.1242420000001ms
Time taken for 'plugin worker 1937489 code loading' 679.365805ms
[NX v22.6.3 Daemon Server] - 2026-04-01T02:35:25.483Z - Time taken for 'Load Nx Plugin: /home/ec2-user/polytropos-dev/polytropos-plugins/node_modules/.pnpm/nx@22.6.3/node_modules/nx/src/plugins/project-json/build-nodes/project-json' 969.068284ms
[NX v22.6.3 Daemon Server] - 2026-04-01T02:35:25.489Z - Time taken for 'Load Nx Plugin: /home/ec2-user/polytropos-dev/polytropos-plugins/node_modules/.pnpm/nx@22.6.3/node_modules/nx/src/plugins/package-json' 975.6986780000001ms
[NX v22.6.3 Daemon Server] - 2026-04-01T02:35:25.522Z - [REQUEST]: Updated workspace context based on watched changes, recomputing project graph...
[NX v22.6.3 Daemon Server] - 2026-04-01T02:35:25.523Z - [REQUEST]: 
[NX v22.6.3 Daemon Server] - 2026-04-01T02:35:25.523Z - [REQUEST]: 
[NX v22.6.3 Daemon Server] - 2026-04-01T02:35:25.523Z - No files changed, but no in-memory cached project graph found. Recomputing it...
[NX v22.6.3 Daemon Server] - 2026-04-01T02:35:25.543Z - Time taken for 'loadDefaultNxPlugins' 1009.2102820000001ms
[NX v22.6.3 Daemon Server] - 2026-04-01T02:35:25.543Z - Time taken for 'Load Nx Plugin: /home/ec2-user/polytropos-dev/polytropos-plugins/node_modules/.pnpm/nx@22.6.3/node_modules/nx/src/plugins/js' 1008.9444830000001ms
[NX v22.6.3 Daemon Server] - 2026-04-01T02:35:25.543Z - Time taken for 'hash changed files from watcher' 0.08657000000016524ms
[NX v22.6.3 Daemon Server] - 2026-04-01T02:35:25.738Z - Time taken for 'build-project-configs' 165.690335ms
[NX v22.6.3 Daemon Server] - 2026-04-01T02:35:25.738Z - Time taken for 'createNodes:merge' 3.694046999999955ms
[NX v22.6.3 Daemon Server] - 2026-04-01T02:35:25.738Z - Time taken for 'native-file-deps' 0.010550999999850319ms
[NX v22.6.3 Daemon Server] - 2026-04-01T02:35:25.738Z - Time taken for 'get-workspace-files' 7.716282999999976ms
[NX v22.6.3 Daemon Server] - 2026-04-01T02:35:25.738Z - Time taken for 'get-all-workspace-files' 18.721846999999798ms
[NX v22.6.3 Daemon Server] - 2026-04-01T02:35:25.738Z - Time taken for 'read cache' 0.14667099999996935ms
Time taken for 'nx/js/dependencies-and-lockfile:createNodes' 149.24267299999997ms
[NX v22.6.3 Daemon Server] - 2026-04-01T02:35:25.764Z - [SYNC]: collect registered sync generators
[NX v22.6.3 Daemon Server] - 2026-04-01T02:35:25.774Z - Wrote project graph cache to /home/ec2-user/polytropos-dev/polytropos-plugins/.nx/workspace-data/project-graph.json
[NX v22.6.3 Daemon Server] - 2026-04-01T02:35:25.775Z - Serializing response for REQUEST_PROJECT_GRAPH message in json mode
[NX v22.6.3 Daemon Server] - 2026-04-01T02:35:25.775Z - Responding to REQUEST_PROJECT_GRAPH message
[NX v22.6.3 Daemon Server] - 2026-04-01T02:35:25.775Z - [REQUEST]: Responding to the client. project-graph
[NX v22.6.3 Daemon Client] - 2026-04-01T02:35:25.782Z - [Messenger] Received message, length: 265276
[NX v22.6.3 Daemon Client] - 2026-04-01T02:35:25.787Z - [Messenger] Sending message type: PRE_TASKS_EXECUTION
[NX v22.6.3 Daemon Client] - 2026-04-01T02:35:25.787Z - [Messenger] Message sent
[NX v22.6.3 Daemon Server] - 2026-04-01T02:35:25.795Z - Done responding to the client project-graph
[NX v22.6.3 Daemon Server] - 2026-04-01T02:35:25.796Z - Handled json message REQUEST_PROJECT_GRAPH. Handling time: 1263. Response time: 21.
[NX v22.6.3 Daemon Server] - 2026-04-01T02:35:25.796Z - Time taken for 'total for creating and serializing project graph' 1262.889482ms
[NX v22.6.3 Daemon Server] - 2026-04-01T02:35:25.796Z - Time taken for 'total execution time for createProjectGraph()' 45.20052400000009ms
[NX v22.6.3 Daemon Server] - 2026-04-01T02:35:25.796Z - Time taken for 'createDependencies' 35.648791000000074ms
[NX v22.6.3 Daemon Server] - 2026-04-01T02:35:25.796Z - Time taken for 'nx/js/dependencies-and-lockfile:createDependencies' 35.38328000000001ms
[NX v22.6.3 Daemon Server] - 2026-04-01T02:35:25.796Z - Time taken for 'createMetadata' 0.06361300000003212ms
[NX v22.6.3 Daemon Server] - 2026-04-01T02:35:25.796Z - Time taken for 'serialize graph' 1.48977600000012ms
[NX v22.6.3 Daemon Server] - 2026-04-01T02:35:25.796Z - Time taken for 'write cache' 2.763657000000194ms
[NX v22.6.3 Daemon Server] - 2026-04-01T02:35:25.799Z - Received raw message of length 545
[NX v22.6.3 Daemon Server] - 2026-04-01T02:35:25.799Z - Received json message of type PRE_TASKS_EXECUTION
[NX v22.6.3 Daemon Server] - 2026-04-01T02:35:25.801Z - Serializing response for PRE_TASKS_EXECUTION message in json mode
[NX v22.6.3 Daemon Server] - 2026-04-01T02:35:25.801Z - Responding to PRE_TASKS_EXECUTION message
[NX v22.6.3 Daemon Server] - 2026-04-01T02:35:25.802Z - [REQUEST]: Responding to the client. handleRunPreTasksExecution
[NX v22.6.3 Daemon Client] - 2026-04-01T02:35:25.802Z - [Messenger] Received message, length: 2
[NX v22.6.3 Daemon Server] - 2026-04-01T02:35:25.805Z - Done responding to the client handleRunPreTasksExecution
[NX v22.6.3 Daemon Server] - 2026-04-01T02:35:25.805Z - Handled json message PRE_TASKS_EXECUTION. Handling time: 1. Response time: 4.
[NX v22.6.3 Daemon Server] - 2026-04-01T02:35:25.806Z - Time taken for 'preTasksExecution' 1.105015000000094ms
[NX v22.6.3 Daemon Client] - 2026-04-01T02:35:25.837Z - [Messenger] Sending message type: HASH_TASKS
[NX v22.6.3 Daemon Server] - 2026-04-01T02:35:25.837Z - Received raw message of length 5275
[NX v22.6.3 Daemon Server] - 2026-04-01T02:35:25.838Z - Received json message of type HASH_TASKS
[NX v22.6.3 Daemon Server] - 2026-04-01T02:35:25.838Z - Reusing in-memory cached project graph because no files changed.
DEBUG nx::native::tasks::hash_planner: get_plans_internal COMPLETED in 1.959123ms - processed 1 tasks (setup: 1.929331ms, parallel_planning: 23.958µs)
DEBUG nx::native::tasks::hashers::hash_workspace_files: Hashing workspace fileset with inputs: Adding "15304827094870501399" ("nx.json") to hash
DEBUG nx::native::tasks::hashers::hash_workspace_files: Hashing workspace fileset with inputs: Hash Value: "7264312360180677152"
[NX v22.6.3 Daemon Client] - 2026-04-01T02:35:25.845Z - [Messenger] Message sent
DEBUG nx::native::tasks::task_hasher: hash_plans COMPLETED in 1.142405ms - processed 1 plans (setup: 95.407µs, hashing: 1.044684ms, assembly: 24.984µs)
[NX v22.6.3 Daemon Server] - 2026-04-01T02:35:25.847Z - Serializing response for HASH_TASKS message in json mode
[NX v22.6.3 Daemon Server] - 2026-04-01T02:35:25.847Z - Responding to HASH_TASKS message
[NX v22.6.3 Daemon Server] - 2026-04-01T02:35:25.847Z - [REQUEST]: Responding to the client. handleHashTasks
[NX v22.6.3 Daemon Server] - 2026-04-01T02:35:25.847Z - Done responding to the client handleHashTasks
[NX v22.6.3 Daemon Server] - 2026-04-01T02:35:25.847Z - Handled json message HASH_TASKS. Handling time: 9. Response time: 0.
[NX v22.6.3 Daemon Client] - 2026-04-01T02:35:25.847Z - [Messenger] Received message, length: 582
[NX v22.6.3 Daemon Client] - 2026-04-01T02:35:25.861Z - [Messenger] Sending message type: GET_ESTIMATED_TASK_TIMINGS
[NX v22.6.3 Daemon Client] - 2026-04-01T02:35:25.862Z - [Messenger] Message sent
[NX v22.6.3 Daemon Server] - 2026-04-01T02:35:25.862Z - Received raw message of length 93
[NX v22.6.3 Daemon Server] - 2026-04-01T02:35:25.862Z - Received json message of type GET_ESTIMATED_TASK_TIMINGS
[NX v22.6.3 Daemon Server] - 2026-04-01T02:35:25.863Z - Serializing response for GET_ESTIMATED_TASK_TIMINGS message in json mode
[NX v22.6.3 Daemon Server] - 2026-04-01T02:35:25.863Z - Responding to GET_ESTIMATED_TASK_TIMINGS message
[NX v22.6.3 Daemon Server] - 2026-04-01T02:35:25.863Z - [REQUEST]: Responding to the client. handleGetEstimatedTaskTimings
[NX v22.6.3 Daemon Server] - 2026-04-01T02:35:25.863Z - Done responding to the client handleGetEstimatedTaskTimings
[NX v22.6.3 Daemon Server] - 2026-04-01T02:35:25.863Z - Handled json message GET_ESTIMATED_TASK_TIMINGS. Handling time: 1. Response time: 0.
[NX v22.6.3 Daemon Client] - 2026-04-01T02:35:25.864Z - [Messenger] Received message, length: 2
[NX v22.6.3 Daemon Server] - 2026-04-01T02:35:29.179Z - [WATCHER]: 3 file(s) created or restored, 0 file(s) modified, 0 file(s) deleted
[NX v22.6.3 Daemon Server] - 2026-04-01T02:35:29.180Z - [SYNC]: clearing sync generators cache due to file changes
[NX v22.6.3 Daemon Server] - 2026-04-01T02:35:29.184Z - [WATCHER]: Processing file changes in outputs
[NX v22.6.3 Daemon Client] - 2026-04-01T02:35:29.258Z - [Messenger] Sending message type: RECORD_OUTPUTS_HASH
[NX v22.6.3 Daemon Client] - 2026-04-01T02:35:29.259Z - [Messenger] Message sent
[NX v22.6.3 Daemon Server] - 2026-04-01T02:35:29.259Z - Received raw message of length 195
[NX v22.6.3 Daemon Server] - 2026-04-01T02:35:29.260Z - Received json message of type RECORD_OUTPUTS_HASH
[NX v22.6.3 Daemon Server] - 2026-04-01T02:35:29.267Z - Serializing response for RECORD_OUTPUTS_HASH message in json mode
[NX v22.6.3 Daemon Server] - 2026-04-01T02:35:29.267Z - Responding to RECORD_OUTPUTS_HASH message
[NX v22.6.3 Daemon Server] - 2026-04-01T02:35:29.267Z - [REQUEST]: Responding to the client. recordOutputsHash
[NX v22.6.3 Daemon Server] - 2026-04-01T02:35:29.267Z - Done responding to the client recordOutputsHash
[NX v22.6.3 Daemon Server] - 2026-04-01T02:35:29.268Z - Handled json message RECORD_OUTPUTS_HASH. Handling time: 7. Response time: 0.
[NX v22.6.3 Daemon Client] - 2026-04-01T02:35:29.269Z - [Messenger] Received message, length: 2
[NX v22.6.3 Daemon Client] - 2026-04-01T02:35:29.272Z - [Messenger] Sending message type: RECORD_TASK_RUNS
[NX v22.6.3 Daemon Server] - 2026-04-01T02:35:29.272Z - Received raw message of length 212
[NX v22.6.3 Daemon Server] - 2026-04-01T02:35:29.272Z - Received json message of type RECORD_TASK_RUNS
[NX v22.6.3 Daemon Client] - 2026-04-01T02:35:29.273Z - [Messenger] Message sent
[NX v22.6.3 Daemon Server] - 2026-04-01T02:35:29.275Z - Serializing response for RECORD_TASK_RUNS message in json mode
[NX v22.6.3 Daemon Server] - 2026-04-01T02:35:29.275Z - Responding to RECORD_TASK_RUNS message
[NX v22.6.3 Daemon Server] - 2026-04-01T02:35:29.276Z - [REQUEST]: Responding to the client. handleRecordTaskRuns
[NX v22.6.3 Daemon Server] - 2026-04-01T02:35:29.276Z - Done responding to the client handleRecordTaskRuns
[NX v22.6.3 Daemon Server] - 2026-04-01T02:35:29.276Z - Handled json message RECORD_TASK_RUNS. Handling time: 3. Response time: 1.
[NX v22.6.3 Daemon Client] - 2026-04-01T02:35:29.276Z - [Messenger] Received message, length: 4
[NX v22.6.3 Daemon Server] - 2026-04-01T02:35:29.278Z - Established a connection. Number of open connections: 2
[NX v22.6.3 Daemon Server] - 2026-04-01T02:35:29.279Z - Closed a connection. Number of open connections: 1
[NX v22.6.3 Daemon Client] - 2026-04-01T02:35:29.279Z - [Messenger] Sending message type: GET_CONFIGURE_AI_AGENTS_STATUS
[NX v22.6.3 Daemon Client] - 2026-04-01T02:35:29.279Z - [Messenger] Message sent
[NX v22.6.3 Daemon Server] - 2026-04-01T02:35:29.280Z - Received raw message of length 41
[NX v22.6.3 Daemon Server] - 2026-04-01T02:35:29.280Z - Received json message of type GET_CONFIGURE_AI_AGENTS_STATUS
[NX v22.6.3 Daemon Server] - 2026-04-01T02:35:29.280Z - Serializing response for GET_CONFIGURE_AI_AGENTS_STATUS message in json mode
[NX v22.6.3 Daemon Server] - 2026-04-01T02:35:29.280Z - Responding to GET_CONFIGURE_AI_AGENTS_STATUS message
[NX v22.6.3 Daemon Server] - 2026-04-01T02:35:29.280Z - [REQUEST]: Responding to the client. handleGetConfigureAiAgentsStatus
[NX v22.6.3 Daemon Server] - 2026-04-01T02:35:29.280Z - Done responding to the client handleGetConfigureAiAgentsStatus
[NX v22.6.3 Daemon Server] - 2026-04-01T02:35:29.280Z - Handled json message GET_CONFIGURE_AI_AGENTS_STATUS. Handling time: 0. Response time: 0.
[NX v22.6.3 Daemon Server] - 2026-04-01T02:35:29.281Z - [REQUEST]: Updated workspace context based on watched changes, recomputing project graph...
[NX v22.6.3 Daemon Server] - 2026-04-01T02:35:29.281Z - [REQUEST]: plugins/hello-plugin/dist/index.js,plugins/hello-plugin/dist/index.d.ts,plugins/hello-plugin/dist/index.js.map
[NX v22.6.3 Daemon Server] - 2026-04-01T02:35:29.281Z - [REQUEST]: 
[NX v22.6.3 Daemon Client] - 2026-04-01T02:35:29.290Z - [Messenger] Received message, length: 104
[NX v22.6.3 Daemon Client] - 2026-04-01T02:35:29.308Z - [Messenger] Sending message type: POST_TASKS_EXECUTION
[NX v22.6.3 Daemon Client] - 2026-04-01T02:35:29.308Z - [Messenger] Message sent
[NX v22.6.3 Daemon Server] - 2026-04-01T02:35:29.371Z - Received raw message of length 2586
[NX v22.6.3 Daemon Server] - 2026-04-01T02:35:29.372Z - Received json message of type POST_TASKS_EXECUTION
[NX v22.6.3 Daemon Server] - 2026-04-01T02:35:29.372Z - Serializing response for POST_TASKS_EXECUTION message in json mode
[NX v22.6.3 Daemon Server] - 2026-04-01T02:35:29.372Z - Responding to POST_TASKS_EXECUTION message
[NX v22.6.3 Daemon Server] - 2026-04-01T02:35:29.372Z - [REQUEST]: Responding to the client. handleRunPostTasksExecution
[NX v22.6.3 Daemon Server] - 2026-04-01T02:35:29.372Z - Done responding to the client handleRunPostTasksExecution
[NX v22.6.3 Daemon Server] - 2026-04-01T02:35:29.372Z - Handled json message POST_TASKS_EXECUTION. Handling time: 0. Response time: 0.
[NX v22.6.3 Daemon Client] - 2026-04-01T02:35:29.375Z - [Messenger] Received message, length: 4
[NX v22.6.3 Daemon Server] - 2026-04-01T02:35:29.381Z - Time taken for 'hash changed files from watcher' 0.3047969999997804ms
[NX v22.6.3 Daemon Server] - 2026-04-01T02:35:29.381Z - Time taken for 'postTasksExecution' 0.29037200000038865ms
[NX v22.6.3 Daemon Server] - 2026-04-01T02:35:29.422Z - Closed a connection. Number of open connections: 0
Time taken for 'plugin worker 1939404 code loading' 717.739099ms
Time taken for 'plugin worker 1939427 code loading' 699.4667440000001ms
[NX v22.6.3 Daemon Server] - 2026-04-01T02:35:30.232Z - Time taken for 'start-plugin-worker:nx/core/project-json' 882.6179010000005ms
[NX v22.6.3 Daemon Server] - 2026-04-01T02:35:30.234Z - Time taken for 'start-plugin-worker:nx/js/dependencies-and-lockfile' 945.9007470000006ms
Time taken for 'plugin worker 1939417 code loading' 843.3955599999999ms
[NX v22.6.3 Daemon Server] - 2026-04-01T02:35:30.362Z - Time taken for 'start-plugin-worker:nx/core/package-json' 1035.6514379999999ms
Time taken for 'nx/js/dependencies-and-lockfile:createNodes' 10.209004999999934ms
[NX v22.6.3 Daemon Server] - 2026-04-01T02:35:30.698Z - Time taken for 'build-project-configs' 1367.0574450000004ms
[NX v22.6.3 Daemon Server] - 2026-04-01T02:35:30.698Z - Time taken for 'createNodes:merge' 2.3122960000000603ms
[NX v22.6.3 Daemon Server] - 2026-04-01T02:35:30.698Z - Time taken for 'get-all-workspace-files' 3.5920340000002398ms
[NX v22.6.3 Daemon Server] - 2026-04-01T02:35:30.714Z - [SYNC]: collect registered sync generators
[NX v22.6.3 Daemon Server] - 2026-04-01T02:35:30.732Z - [SYNC]: project graph hash is the same, not collecting task sync generators
[NX v22.6.3 Daemon Server] - 2026-04-01T02:35:30.732Z - [SYNC]: nx.json hash is the same, not collecting global sync generators
[NX v22.6.3 Daemon Server] - 2026-04-01T02:35:30.732Z - Time taken for 'total execution time for createProjectGraph()' 59.95181799999955ms
[NX v22.6.3 Daemon Server] - 2026-04-01T02:35:30.732Z - Time taken for 'createDependencies' 51.02708900000016ms
[NX v22.6.3 Daemon Server] - 2026-04-01T02:35:30.732Z - Time taken for 'nx/js/dependencies-and-lockfile:createDependencies' 50.87496099999953ms
[NX v22.6.3 Daemon Server] - 2026-04-01T02:35:30.732Z - Time taken for 'createMetadata' 0.040270000000418804ms
[NX v22.6.3 Daemon Server] - 2026-04-01T02:35:30.732Z - Time taken for 'serialize graph' 1.409827999999834ms
[NX v22.6.3 Daemon Server] - 2026-04-01T02:35:31.005Z - [LATEST-NX]: Successfully pulled latest Nx to /tmp/tmp-1937233-eoNqICOjrq2A
[NX v22.6.3 Daemon Server] - 2026-04-01T02:35:31.230Z - [NX-CONSOLE]: Using local implementation (NX_USE_LOCAL=true or inner call)
DEBUG nx::native::ide::install: Detected editor: Unknown
[NX v22.6.3 Daemon Server] - 2026-04-01T02:35:31.252Z - [NX-CONSOLE]: Console status check completed, shouldPrompt: false
DEBUG nx::native::ide::install: Editor command 'code' not found
DEBUG nx::native::ide::install: Editor command 'code-insiders' not found
DEBUG nx::native::ide::install: Cursor extension installation not supported on this platform
DEBUG nx::native::ide::install: No command available for editor: Cursor
DEBUG nx::native::ide::install: Cursor extension installation not supported on this platform
[NX v22.6.3 Daemon Server] - 2026-04-01T02:35:31.266Z - [AI-AGENTS]: Agent configuration status computation completed: 0 fully configured, 0 outdated, 0 partially configured, 4 non-configured
[NX v22.6.3 Daemon Server] - 2026-04-01T02:35:36.343Z - [WATCHER]: tsconfig.base.json was modified
[NX v22.6.3 Daemon Server] - 2026-04-01T02:35:36.343Z - [SYNC]: clearing sync generators cache due to file changes
[NX v22.6.3 Daemon Server] - 2026-04-01T02:35:36.343Z - [WATCHER]: Processing file changes in outputs
[NX v22.6.3 Daemon Server] - 2026-04-01T02:35:36.545Z - [REQUEST]: Updated workspace context based on watched changes, recomputing project graph...
[NX v22.6.3 Daemon Server] - 2026-04-01T02:35:36.545Z - [REQUEST]: tsconfig.base.json
[NX v22.6.3 Daemon Server] - 2026-04-01T02:35:36.545Z - [REQUEST]: 
[NX v22.6.3 Daemon Server] - 2026-04-01T02:35:36.573Z - Time taken for 'hash changed files from watcher' 0.18542300000081013ms
Time taken for 'plugin worker 1943304 code loading' 360.640052ms
[NX v22.6.3 Daemon Server] - 2026-04-01T02:35:37.009Z - Time taken for 'start-plugin-worker:nx/core/package-json' 457.7784210000009ms
Time taken for 'plugin worker 1943317 code loading' 448.557736ms
[NX v22.6.3 Daemon Server] - 2026-04-01T02:35:37.096Z - Time taken for 'start-plugin-worker:nx/core/project-json' 533.2865569999994ms
Time taken for 'plugin worker 1943303 code loading' 505.169286ms
[NX v22.6.3 Daemon Server] - 2026-04-01T02:35:37.128Z - Time taken for 'start-plugin-worker:nx/js/dependencies-and-lockfile' 581.6993390000007ms
[NX v22.6.3 Daemon Server] - 2026-04-01T02:35:37.253Z - Time taken for 'build-project-configs' 703.59944ms
[NX v22.6.3 Daemon Server] - 2026-04-01T02:35:37.253Z - Time taken for 'createNodes:merge' 1.5604549999989104ms
[NX v22.6.3 Daemon Server] - 2026-04-01T02:35:37.253Z - Time taken for 'get-all-workspace-files' 0.02560799999992014ms
Time taken for 'nx/js/dependencies-and-lockfile:createNodes' 5.332425999999941ms
[NX v22.6.3 Daemon Server] - 2026-04-01T02:35:37.267Z - [SYNC]: collect registered sync generators
[NX v22.6.3 Daemon Server] - 2026-04-01T02:35:37.268Z - [SYNC]: project graph hash is the same, not collecting task sync generators
[NX v22.6.3 Daemon Server] - 2026-04-01T02:35:37.268Z - [SYNC]: nx.json hash is the same, not collecting global sync generators
[NX v22.6.3 Daemon Server] - 2026-04-01T02:35:37.268Z - Time taken for 'total execution time for createProjectGraph()' 16.45923000000039ms
[NX v22.6.3 Daemon Server] - 2026-04-01T02:35:37.268Z - Time taken for 'createDependencies' 13.391513000000486ms
[NX v22.6.3 Daemon Server] - 2026-04-01T02:35:37.268Z - Time taken for 'nx/js/dependencies-and-lockfile:createDependencies' 13.258116999999402ms
[NX v22.6.3 Daemon Server] - 2026-04-01T02:35:37.268Z - Time taken for 'createMetadata' 0.23434099999940372ms
[NX v22.6.3 Daemon Server] - 2026-04-01T02:35:37.268Z - Time taken for 'serialize graph' 1.4666070000002946ms
[NX v22.6.3 Daemon Server] - 2026-04-01T02:35:42.489Z - [WATCHER]: _tmp_1946111_0faa8c4a14d14abade13e641ff462f5e was deleted
[NX v22.6.3 Daemon Server] - 2026-04-01T02:35:42.489Z - [SYNC]: clearing sync generators cache due to file changes
[NX v22.6.3 Daemon Server] - 2026-04-01T02:35:42.489Z - [WATCHER]: Processing file changes in outputs
[NX v22.6.3 Daemon Server] - 2026-04-01T02:35:42.891Z - [REQUEST]: Updated workspace context based on watched changes, recomputing project graph...
[NX v22.6.3 Daemon Server] - 2026-04-01T02:35:42.891Z - [REQUEST]: 
[NX v22.6.3 Daemon Server] - 2026-04-01T02:35:42.891Z - [REQUEST]: _tmp_1946111_0faa8c4a14d14abade13e641ff462f5e
[NX v22.6.3 Daemon Server] - 2026-04-01T02:35:42.919Z - Time taken for 'hash changed files from watcher' 0.0861189999995986ms
[NX v22.6.3 Daemon Server] - 2026-04-01T02:35:43.331Z - Time taken for 'start-plugin-worker:nx/core/package-json' 432.24973899999895ms
Time taken for 'plugin worker 1946384 code loading' 372.352681ms
Time taken for 'plugin worker 1946386 code loading' 362.023617ms
[NX v22.6.3 Daemon Server] - 2026-04-01T02:35:43.376Z - Time taken for 'start-plugin-worker:nx/core/project-json' 467.8255140000001ms
Time taken for 'plugin worker 1946382 code loading' 446.820072ms
[NX v22.6.3 Daemon Server] - 2026-04-01T02:35:43.401Z - Time taken for 'start-plugin-worker:nx/js/dependencies-and-lockfile' 508.3558430000012ms
[NX v22.6.3 Daemon Server] - 2026-04-01T02:35:43.592Z - Time taken for 'build-project-configs' 693.0282240000015ms
[NX v22.6.3 Daemon Server] - 2026-04-01T02:35:43.592Z - Time taken for 'createNodes:merge' 0.7954109999991488ms
[NX v22.6.3 Daemon Server] - 2026-04-01T02:35:43.592Z - Time taken for 'get-all-workspace-files' 0.028323000002274057ms
Time taken for 'nx/js/dependencies-and-lockfile:createNodes' 6.653968999999961ms
[NX v22.6.3 Daemon Server] - 2026-04-01T02:35:43.622Z - [SYNC]: collect registered sync generators
[NX v22.6.3 Daemon Server] - 2026-04-01T02:35:43.623Z - [SYNC]: project graph hash is the same, not collecting task sync generators
[NX v22.6.3 Daemon Server] - 2026-04-01T02:35:43.623Z - [SYNC]: nx.json hash is the same, not collecting global sync generators
[NX v22.6.3 Daemon Server] - 2026-04-01T02:35:43.623Z - Time taken for 'total execution time for createProjectGraph()' 35.5983550000019ms
[NX v22.6.3 Daemon Server] - 2026-04-01T02:35:43.623Z - Time taken for 'createDependencies' 29.1448240000027ms
[NX v22.6.3 Daemon Server] - 2026-04-01T02:35:43.623Z - Time taken for 'nx/js/dependencies-and-lockfile:createDependencies' 29.018286999998963ms
[NX v22.6.3 Daemon Server] - 2026-04-01T02:35:43.623Z - Time taken for 'createMetadata' 0.03416600000127801ms
[NX v22.6.3 Daemon Server] - 2026-04-01T02:35:43.623Z - Time taken for 'serialize graph' 1.391646000000037ms
[NX v22.6.3 Daemon Server] - 2026-04-01T02:35:44.202Z - Established a connection. Number of open connections: 1
[NX v22.6.3 Daemon Server] - 2026-04-01T02:35:44.203Z - Closed a connection. Number of open connections: 0
[NX v22.6.3 Daemon Server] - 2026-04-01T02:35:44.204Z - Established a connection. Number of open connections: 1
[NX v22.6.3 Daemon Server] - 2026-04-01T02:35:44.205Z - Closed a connection. Number of open connections: 0
[NX v22.6.3 Daemon Server] - 2026-04-01T02:35:44.206Z - Established a connection. Number of open connections: 1
[NX v22.6.3 Daemon Client] - 2026-04-01T02:35:44.206Z - [Messenger] Setting up socket listeners
[NX v22.6.3 Daemon Client] - 2026-04-01T02:35:44.211Z - [Messenger] listen() complete
[NX v22.6.3 Daemon Client] - 2026-04-01T02:35:44.212Z - [Messenger] Sending message type: GET_NX_CONSOLE_STATUS
[NX v22.6.3 Daemon Client] - 2026-04-01T02:35:44.213Z - [Messenger] Message sent
[NX v22.6.3 Daemon Server] - 2026-04-01T02:35:44.250Z - Received raw message of length 32
[NX v22.6.3 Daemon Server] - 2026-04-01T02:35:44.250Z - Received json message of type GET_NX_CONSOLE_STATUS
[NX v22.6.3 Daemon Server] - 2026-04-01T02:35:44.250Z - Serializing response for GET_NX_CONSOLE_STATUS message in json mode
[NX v22.6.3 Daemon Server] - 2026-04-01T02:35:44.251Z - Responding to GET_NX_CONSOLE_STATUS message
[NX v22.6.3 Daemon Server] - 2026-04-01T02:35:44.251Z - [REQUEST]: Responding to the client. handleGetNxConsoleStatus
[NX v22.6.3 Daemon Server] - 2026-04-01T02:35:44.251Z - Done responding to the client handleGetNxConsoleStatus
[NX v22.6.3 Daemon Server] - 2026-04-01T02:35:44.251Z - Handled json message GET_NX_CONSOLE_STATUS. Handling time: 0. Response time: 1.
[NX v22.6.3 Daemon Client] - 2026-04-01T02:35:44.252Z - [Messenger] Received message, length: 22
[NX v22.6.3 Daemon Client] - 2026-04-01T02:35:44.335Z - [Messenger] Sending message type: REQUEST_PROJECT_GRAPH
[NX v22.6.3 Daemon Server] - 2026-04-01T02:35:44.336Z - Received raw message of length 32
[NX v22.6.3 Daemon Server] - 2026-04-01T02:35:44.336Z - Received json message of type REQUEST_PROJECT_GRAPH
[NX v22.6.3 Daemon Server] - 2026-04-01T02:35:44.336Z - [REQUEST]: Client Request for Project Graph Received
[NX v22.6.3 Daemon Server] - 2026-04-01T02:35:44.336Z - Reusing in-memory cached project graph because no files changed.
[NX v22.6.3 Daemon Server] - 2026-04-01T02:35:44.337Z - Serializing response for REQUEST_PROJECT_GRAPH message in json mode
[NX v22.6.3 Daemon Server] - 2026-04-01T02:35:44.337Z - Responding to REQUEST_PROJECT_GRAPH message
[NX v22.6.3 Daemon Server] - 2026-04-01T02:35:44.337Z - [REQUEST]: Responding to the client. project-graph
[NX v22.6.3 Daemon Server] - 2026-04-01T02:35:44.337Z - Time taken for 'total for creating and serializing project graph' 0.3556349999998929ms
[NX v22.6.3 Daemon Client] - 2026-04-01T02:35:44.337Z - [Messenger] Message sent
[NX v22.6.3 Daemon Server] - 2026-04-01T02:35:44.348Z - Done responding to the client project-graph
[NX v22.6.3 Daemon Server] - 2026-04-01T02:35:44.348Z - Handled json message REQUEST_PROJECT_GRAPH. Handling time: 1. Response time: 11.
[NX v22.6.3 Daemon Client] - 2026-04-01T02:35:44.361Z - [Messenger] Received message, length: 265276
[NX v22.6.3 Daemon Client] - 2026-04-01T02:35:44.366Z - [Messenger] Sending message type: PRE_TASKS_EXECUTION
[NX v22.6.3 Daemon Server] - 2026-04-01T02:35:44.367Z - Received raw message of length 544
[NX v22.6.3 Daemon Server] - 2026-04-01T02:35:44.367Z - Received json message of type PRE_TASKS_EXECUTION
[NX v22.6.3 Daemon Server] - 2026-04-01T02:35:44.367Z - Serializing response for PRE_TASKS_EXECUTION message in json mode
[NX v22.6.3 Daemon Server] - 2026-04-01T02:35:44.367Z - Responding to PRE_TASKS_EXECUTION message
[NX v22.6.3 Daemon Server] - 2026-04-01T02:35:44.367Z - [REQUEST]: Responding to the client. handleRunPreTasksExecution
[NX v22.6.3 Daemon Server] - 2026-04-01T02:35:44.367Z - Done responding to the client handleRunPreTasksExecution
[NX v22.6.3 Daemon Server] - 2026-04-01T02:35:44.367Z - Handled json message PRE_TASKS_EXECUTION. Handling time: 0. Response time: 0.
[NX v22.6.3 Daemon Server] - 2026-04-01T02:35:44.368Z - Time taken for 'preTasksExecution' 0.2094890000007581ms
[NX v22.6.3 Daemon Client] - 2026-04-01T02:35:44.368Z - [Messenger] Message sent
[NX v22.6.3 Daemon Client] - 2026-04-01T02:35:44.369Z - [Messenger] Received message, length: 2
[NX v22.6.3 Daemon Client] - 2026-04-01T02:35:44.394Z - [Messenger] Sending message type: HASH_TASKS
[NX v22.6.3 Daemon Server] - 2026-04-01T02:35:44.394Z - Received raw message of length 5275
[NX v22.6.3 Daemon Server] - 2026-04-01T02:35:44.395Z - Received json message of type HASH_TASKS
[NX v22.6.3 Daemon Server] - 2026-04-01T02:35:44.395Z - Reusing in-memory cached project graph because no files changed.
[NX v22.6.3 Daemon Client] - 2026-04-01T02:35:44.409Z - [Messenger] Message sent
DEBUG nx::native::tasks::hash_planner: get_plans_internal COMPLETED in 3.397235ms - processed 1 tasks (setup: 3.363111ms, parallel_planning: 24.008µs)
DEBUG nx::native::tasks::hashers::hash_workspace_files: Hashing workspace fileset with inputs: Adding "15304827094870501399" ("nx.json") to hash
DEBUG nx::native::tasks::hashers::hash_workspace_files: Hashing workspace fileset with inputs: Hash Value: "7264312360180677152"
DEBUG nx::native::tasks::task_hasher: hash_plans COMPLETED in 4.475264ms - processed 1 plans (setup: 125.166µs, hashing: 4.348162ms, assembly: 19.454µs)
[NX v22.6.3 Daemon Server] - 2026-04-01T02:35:44.416Z - Serializing response for HASH_TASKS message in json mode
[NX v22.6.3 Daemon Server] - 2026-04-01T02:35:44.416Z - Responding to HASH_TASKS message
[NX v22.6.3 Daemon Server] - 2026-04-01T02:35:44.416Z - [REQUEST]: Responding to the client. handleHashTasks
[NX v22.6.3 Daemon Server] - 2026-04-01T02:35:44.416Z - Done responding to the client handleHashTasks
[NX v22.6.3 Daemon Server] - 2026-04-01T02:35:44.416Z - Handled json message HASH_TASKS. Handling time: 21. Response time: 0.
[NX v22.6.3 Daemon Client] - 2026-04-01T02:35:44.417Z - [Messenger] Received message, length: 582
[NX v22.6.3 Daemon Client] - 2026-04-01T02:35:44.428Z - [Messenger] Sending message type: GET_ESTIMATED_TASK_TIMINGS
[NX v22.6.3 Daemon Client] - 2026-04-01T02:35:44.429Z - [Messenger] Message sent
[NX v22.6.3 Daemon Server] - 2026-04-01T02:35:44.429Z - Received raw message of length 93
[NX v22.6.3 Daemon Server] - 2026-04-01T02:35:44.430Z - Received json message of type GET_ESTIMATED_TASK_TIMINGS
[NX v22.6.3 Daemon Server] - 2026-04-01T02:35:44.430Z - Serializing response for GET_ESTIMATED_TASK_TIMINGS message in json mode
[NX v22.6.3 Daemon Server] - 2026-04-01T02:35:44.430Z - Responding to GET_ESTIMATED_TASK_TIMINGS message
[NX v22.6.3 Daemon Server] - 2026-04-01T02:35:44.430Z - [REQUEST]: Responding to the client. handleGetEstimatedTaskTimings
[NX v22.6.3 Daemon Server] - 2026-04-01T02:35:44.430Z - Done responding to the client handleGetEstimatedTaskTimings
[NX v22.6.3 Daemon Server] - 2026-04-01T02:35:44.430Z - Handled json message GET_ESTIMATED_TASK_TIMINGS. Handling time: 0. Response time: 0.
[NX v22.6.3 Daemon Client] - 2026-04-01T02:35:44.432Z - [Messenger] Received message, length: 2
[NX v22.6.3 Daemon Server] - 2026-04-01T02:35:45.101Z - [WATCHER]: 0 file(s) created or restored, 0 file(s) modified, 3 file(s) deleted
[NX v22.6.3 Daemon Server] - 2026-04-01T02:35:45.102Z - [SYNC]: clearing sync generators cache due to file changes
[NX v22.6.3 Daemon Server] - 2026-04-01T02:35:45.102Z - [WATCHER]: Processing file changes in outputs
[NX v22.6.3 Daemon Server] - 2026-04-01T02:35:45.204Z - [REQUEST]: Updated workspace context based on watched changes, recomputing project graph...
[NX v22.6.3 Daemon Server] - 2026-04-01T02:35:45.204Z - [REQUEST]: 
[NX v22.6.3 Daemon Server] - 2026-04-01T02:35:45.204Z - [REQUEST]: plugins/hello-plugin/dist/index.js,plugins/hello-plugin/dist/index.js.map,plugins/hello-plugin/dist/index.d.ts
[NX v22.6.3 Daemon Server] - 2026-04-01T02:35:45.299Z - Time taken for 'hash changed files from watcher' 0.0926419999996142ms
Time taken for 'plugin worker 1947549 code loading' 618.757358ms
[NX v22.6.3 Daemon Server] - 2026-04-01T02:35:45.899Z - Time taken for 'start-plugin-worker:nx/core/package-json' 675.537429ms
Time taken for 'plugin worker 1947559 code loading' 662.485838ms
[NX v22.6.3 Daemon Server] - 2026-04-01T02:35:46.108Z - Time taken for 'start-plugin-worker:nx/core/project-json' 862.7822689999994ms
[NX v22.6.3 Daemon Server] - 2026-04-01T02:35:46.271Z - Time taken for 'start-plugin-worker:nx/js/dependencies-and-lockfile' 1063.8947629999966ms
Time taken for 'plugin worker 1947542 code loading' 888.32092ms
[NX v22.6.3 Daemon Server] - 2026-04-01T02:35:46.498Z - Time taken for 'build-project-configs' 1286.7815330000012ms
[NX v22.6.3 Daemon Server] - 2026-04-01T02:35:46.498Z - Time taken for 'createNodes:merge' 0.9341150000000198ms
[NX v22.6.3 Daemon Server] - 2026-04-01T02:35:46.498Z - Time taken for 'get-all-workspace-files' 0.024344000001292443ms
Time taken for 'nx/js/dependencies-and-lockfile:createNodes' 18.885682999999972ms
[NX v22.6.3 Daemon Server] - 2026-04-01T02:35:46.509Z - [SYNC]: collect registered sync generators
[NX v22.6.3 Daemon Server] - 2026-04-01T02:35:46.510Z - [SYNC]: project graph hash is the same, not collecting task sync generators
[NX v22.6.3 Daemon Server] - 2026-04-01T02:35:46.510Z - [SYNC]: nx.json hash is the same, not collecting global sync generators
[NX v22.6.3 Daemon Server] - 2026-04-01T02:35:46.510Z - Time taken for 'total execution time for createProjectGraph()' 13.68474900000001ms
[NX v22.6.3 Daemon Server] - 2026-04-01T02:35:46.510Z - Time taken for 'createDependencies' 10.639522000001307ms
[NX v22.6.3 Daemon Server] - 2026-04-01T02:35:46.510Z - Time taken for 'nx/js/dependencies-and-lockfile:createDependencies' 10.523160000000644ms
[NX v22.6.3 Daemon Server] - 2026-04-01T02:35:46.510Z - Time taken for 'createMetadata' 0.03122799999982817ms
[NX v22.6.3 Daemon Server] - 2026-04-01T02:35:46.510Z - Time taken for 'serialize graph' 2.042921000000206ms
[NX v22.6.3 Daemon Server] - 2026-04-01T02:35:47.098Z - [WATCHER]: Processing file changes in outputs
[NX v22.6.3 Daemon Server] - 2026-04-01T02:35:47.099Z - [WATCHER]: 3 file(s) created or restored, 0 file(s) modified, 0 file(s) deleted
[NX v22.6.3 Daemon Server] - 2026-04-01T02:35:47.099Z - [SYNC]: clearing sync generators cache due to file changes
[NX v22.6.3 Daemon Client] - 2026-04-01T02:35:47.138Z - [Messenger] Sending message type: RECORD_OUTPUTS_HASH
[NX v22.6.3 Daemon Client] - 2026-04-01T02:35:47.138Z - [Messenger] Message sent
[NX v22.6.3 Daemon Server] - 2026-04-01T02:35:47.138Z - Received raw message of length 195
[NX v22.6.3 Daemon Server] - 2026-04-01T02:35:47.139Z - Received json message of type RECORD_OUTPUTS_HASH
[NX v22.6.3 Daemon Server] - 2026-04-01T02:35:47.139Z - Serializing response for RECORD_OUTPUTS_HASH message in json mode
[NX v22.6.3 Daemon Server] - 2026-04-01T02:35:47.139Z - Responding to RECORD_OUTPUTS_HASH message
[NX v22.6.3 Daemon Server] - 2026-04-01T02:35:47.140Z - [REQUEST]: Responding to the client. recordOutputsHash
[NX v22.6.3 Daemon Server] - 2026-04-01T02:35:47.140Z - Done responding to the client recordOutputsHash
[NX v22.6.3 Daemon Server] - 2026-04-01T02:35:47.140Z - Handled json message RECORD_OUTPUTS_HASH. Handling time: 0. Response time: 1.
[NX v22.6.3 Daemon Client] - 2026-04-01T02:35:47.140Z - [Messenger] Received message, length: 2
[NX v22.6.3 Daemon Client] - 2026-04-01T02:35:47.147Z - [Messenger] Sending message type: RECORD_TASK_RUNS
[NX v22.6.3 Daemon Client] - 2026-04-01T02:35:47.147Z - [Messenger] Message sent
[NX v22.6.3 Daemon Server] - 2026-04-01T02:35:47.147Z - Received raw message of length 212
[NX v22.6.3 Daemon Server] - 2026-04-01T02:35:47.147Z - Received json message of type RECORD_TASK_RUNS
[NX v22.6.3 Daemon Server] - 2026-04-01T02:35:47.149Z - Serializing response for RECORD_TASK_RUNS message in json mode
[NX v22.6.3 Daemon Server] - 2026-04-01T02:35:47.149Z - Responding to RECORD_TASK_RUNS message
[NX v22.6.3 Daemon Server] - 2026-04-01T02:35:47.149Z - [REQUEST]: Responding to the client. handleRecordTaskRuns
[NX v22.6.3 Daemon Server] - 2026-04-01T02:35:47.149Z - Done responding to the client handleRecordTaskRuns
[NX v22.6.3 Daemon Server] - 2026-04-01T02:35:47.149Z - Handled json message RECORD_TASK_RUNS. Handling time: 2. Response time: 0.
[NX v22.6.3 Daemon Client] - 2026-04-01T02:35:47.149Z - [Messenger] Received message, length: 4
[NX v22.6.3 Daemon Server] - 2026-04-01T02:35:47.150Z - Established a connection. Number of open connections: 2
[NX v22.6.3 Daemon Client] - 2026-04-01T02:35:47.151Z - [Messenger] Sending message type: GET_CONFIGURE_AI_AGENTS_STATUS
[NX v22.6.3 Daemon Client] - 2026-04-01T02:35:47.151Z - [Messenger] Message sent
[NX v22.6.3 Daemon Server] - 2026-04-01T02:35:47.151Z - Closed a connection. Number of open connections: 1
[NX v22.6.3 Daemon Server] - 2026-04-01T02:35:47.151Z - Received raw message of length 41
[NX v22.6.3 Daemon Server] - 2026-04-01T02:35:47.151Z - Received json message of type GET_CONFIGURE_AI_AGENTS_STATUS
[NX v22.6.3 Daemon Server] - 2026-04-01T02:35:47.151Z - [AI-AGENTS]: Returning cached agent configuration status
[NX v22.6.3 Daemon Server] - 2026-04-01T02:35:47.151Z - Serializing response for GET_CONFIGURE_AI_AGENTS_STATUS message in json mode
[NX v22.6.3 Daemon Server] - 2026-04-01T02:35:47.151Z - Responding to GET_CONFIGURE_AI_AGENTS_STATUS message
[NX v22.6.3 Daemon Server] - 2026-04-01T02:35:47.151Z - [REQUEST]: Responding to the client. handleGetConfigureAiAgentsStatus
[NX v22.6.3 Daemon Server] - 2026-04-01T02:35:47.151Z - Done responding to the client handleGetConfigureAiAgentsStatus
[NX v22.6.3 Daemon Server] - 2026-04-01T02:35:47.151Z - Handled json message GET_CONFIGURE_AI_AGENTS_STATUS. Handling time: 0. Response time: 0.
[NX v22.6.3 Daemon Client] - 2026-04-01T02:35:47.151Z - [Messenger] Received message, length: 281
[NX v22.6.3 Daemon Client] - 2026-04-01T02:35:47.158Z - [Messenger] Sending message type: POST_TASKS_EXECUTION
[NX v22.6.3 Daemon Client] - 2026-04-01T02:35:47.158Z - [Messenger] Message sent
[NX v22.6.3 Daemon Server] - 2026-04-01T02:35:47.158Z - Received raw message of length 2453
[NX v22.6.3 Daemon Server] - 2026-04-01T02:35:47.159Z - Received json message of type POST_TASKS_EXECUTION
[NX v22.6.3 Daemon Server] - 2026-04-01T02:35:47.159Z - Serializing response for POST_TASKS_EXECUTION message in json mode
[NX v22.6.3 Daemon Server] - 2026-04-01T02:35:47.159Z - Responding to POST_TASKS_EXECUTION message
[NX v22.6.3 Daemon Server] - 2026-04-01T02:35:47.159Z - [REQUEST]: Responding to the client. handleRunPostTasksExecution
[NX v22.6.3 Daemon Server] - 2026-04-01T02:35:47.159Z - Done responding to the client handleRunPostTasksExecution
[NX v22.6.3 Daemon Server] - 2026-04-01T02:35:47.159Z - Handled json message POST_TASKS_EXECUTION. Handling time: 0. Response time: 0.
[NX v22.6.3 Daemon Server] - 2026-04-01T02:35:47.159Z - Time taken for 'postTasksExecution' 0.3212969999985944ms
[NX v22.6.3 Daemon Client] - 2026-04-01T02:35:47.161Z - [Messenger] Received message, length: 4
[NX v22.6.3 Daemon Server] - 2026-04-01T02:35:47.175Z - Closed a connection. Number of open connections: 0
[NX v22.6.3 Daemon Server] - 2026-04-01T02:35:47.199Z - [REQUEST]: Updated workspace context based on watched changes, recomputing project graph...
[NX v22.6.3 Daemon Server] - 2026-04-01T02:35:47.199Z - [REQUEST]: plugins/hello-plugin/dist/index.d.ts,plugins/hello-plugin/dist/index.js.map,plugins/hello-plugin/dist/index.js
[NX v22.6.3 Daemon Server] - 2026-04-01T02:35:47.199Z - [REQUEST]: 
[NX v22.6.3 Daemon Server] - 2026-04-01T02:35:47.231Z - Time taken for 'hash changed files from watcher' 0.2761449999998149ms
Time taken for 'plugin worker 1948444 code loading' 503.64776399999994ms
[NX v22.6.3 Daemon Server] - 2026-04-01T02:35:47.848Z - Time taken for 'start-plugin-worker:nx/core/project-json' 632.164165000002ms
Time taken for 'plugin worker 1948431 code loading' 563.994905ms
[NX v22.6.3 Daemon Server] - 2026-04-01T02:35:47.857Z - Time taken for 'start-plugin-worker:nx/js/dependencies-and-lockfile' 654.2142349999995ms
Time taken for 'plugin worker 1948433 code loading' 537.719698ms
[NX v22.6.3 Daemon Server] - 2026-04-01T02:35:47.868Z - Time taken for 'start-plugin-worker:nx/core/package-json' 660.243316ms
[NX v22.6.3 Daemon Server] - 2026-04-01T02:35:48.095Z - Time taken for 'build-project-configs' 885.7766279999996ms
[NX v22.6.3 Daemon Server] - 2026-04-01T02:35:48.095Z - Time taken for 'createNodes:merge' 0.592108000000735ms
[NX v22.6.3 Daemon Server] - 2026-04-01T02:35:48.095Z - Time taken for 'get-all-workspace-files' 0.026764999998704297ms
Time taken for 'nx/js/dependencies-and-lockfile:createNodes' 5.945588000000043ms
[NX v22.6.3 Daemon Server] - 2026-04-01T02:35:48.115Z - [SYNC]: collect registered sync generators
[NX v22.6.3 Daemon Server] - 2026-04-01T02:35:48.130Z - [SYNC]: project graph hash is the same, not collecting task sync generators
[NX v22.6.3 Daemon Server] - 2026-04-01T02:35:48.130Z - [SYNC]: nx.json hash is the same, not collecting global sync generators
[NX v22.6.3 Daemon Server] - 2026-04-01T02:35:48.130Z - Time taken for 'total execution time for createProjectGraph()' 22.167554999999993ms
[NX v22.6.3 Daemon Server] - 2026-04-01T02:35:48.130Z - Time taken for 'createDependencies' 16.298315000000002ms
[NX v22.6.3 Daemon Server] - 2026-04-01T02:35:48.130Z - Time taken for 'nx/js/dependencies-and-lockfile:createDependencies' 16.173861999999644ms
[NX v22.6.3 Daemon Server] - 2026-04-01T02:35:48.130Z - Time taken for 'createMetadata' 0.03066200000102981ms
[NX v22.6.3 Daemon Server] - 2026-04-01T02:35:48.130Z - Time taken for 'serialize graph' 4.11671700000079ms
[NX v22.6.3 Daemon Server] - 2026-04-01T02:35:52.242Z - [WATCHER]: tsconfig.base.json was modified
[NX v22.6.3 Daemon Server] - 2026-04-01T02:35:52.243Z - [SYNC]: clearing sync generators cache due to file changes
[NX v22.6.3 Daemon Server] - 2026-04-01T02:35:52.243Z - [WATCHER]: Processing file changes in outputs
[NX v22.6.3 Daemon Server] - 2026-04-01T02:35:52.443Z - [REQUEST]: Updated workspace context based on watched changes, recomputing project graph...
[NX v22.6.3 Daemon Server] - 2026-04-01T02:35:52.443Z - [REQUEST]: tsconfig.base.json
[NX v22.6.3 Daemon Server] - 2026-04-01T02:35:52.444Z - [REQUEST]: 
[NX v22.6.3 Daemon Server] - 2026-04-01T02:35:52.470Z - Time taken for 'hash changed files from watcher' 0.17571699999825796ms
Time taken for 'plugin worker 1951033 code loading' 374.894642ms
[NX v22.6.3 Daemon Server] - 2026-04-01T02:35:52.889Z - Time taken for 'start-plugin-worker:nx/core/project-json' 428.2266490000002ms
Time taken for 'plugin worker 1951019 code loading' 418.474671ms
[NX v22.6.3 Daemon Server] - 2026-04-01T02:35:52.926Z - Time taken for 'start-plugin-worker:nx/js/dependencies-and-lockfile' 480.9835549999989ms
[NX v22.6.3 Daemon Server] - 2026-04-01T02:35:53.000Z - Time taken for 'start-plugin-worker:nx/core/package-json' 551.1084530000007ms
Time taken for 'plugin worker 1951021 code loading' 449.40623200000005ms
Time taken for 'nx/js/dependencies-and-lockfile:createNodes' 16.15984800000001ms
[NX v22.6.3 Daemon Server] - 2026-04-01T02:35:53.229Z - Time taken for 'build-project-configs' 778.0915030000033ms
[NX v22.6.3 Daemon Server] - 2026-04-01T02:35:53.229Z - Time taken for 'createNodes:merge' 0.556869000000006ms
[NX v22.6.3 Daemon Server] - 2026-04-01T02:35:53.229Z - Time taken for 'get-all-workspace-files' 0.02678100000048289ms
[NX v22.6.3 Daemon Server] - 2026-04-01T02:35:53.258Z - [SYNC]: collect registered sync generators
[NX v22.6.3 Daemon Server] - 2026-04-01T02:35:53.259Z - [SYNC]: project graph hash is the same, not collecting task sync generators
[NX v22.6.3 Daemon Server] - 2026-04-01T02:35:53.260Z - [SYNC]: nx.json hash is the same, not collecting global sync generators
[NX v22.6.3 Daemon Server] - 2026-04-01T02:35:53.260Z - Time taken for 'total execution time for createProjectGraph()' 13.39773200000127ms
[NX v22.6.3 Daemon Server] - 2026-04-01T02:35:53.260Z - Time taken for 'createDependencies' 11.457216999999218ms
[NX v22.6.3 Daemon Server] - 2026-04-01T02:35:53.260Z - Time taken for 'nx/js/dependencies-and-lockfile:createDependencies' 11.344595999999001ms
[NX v22.6.3 Daemon Server] - 2026-04-01T02:35:53.260Z - Time taken for 'createMetadata' 0.03189199999906123ms
[NX v22.6.3 Daemon Server] - 2026-04-01T02:35:53.260Z - Time taken for 'serialize graph' 1.3297480000001087ms
[NX v22.6.3 Daemon Server] - 2026-04-01T02:35:58.252Z - Established a connection. Number of open connections: 1
[NX v22.6.3 Daemon Server] - 2026-04-01T02:35:58.255Z - Closed a connection. Number of open connections: 0
[NX v22.6.3 Daemon Server] - 2026-04-01T02:35:58.256Z - Established a connection. Number of open connections: 1
[NX v22.6.3 Daemon Server] - 2026-04-01T02:35:58.277Z - Closed a connection. Number of open connections: 0
[NX v22.6.3 Daemon Server] - 2026-04-01T02:35:58.278Z - Established a connection. Number of open connections: 1
[NX v22.6.3 Daemon Client] - 2026-04-01T02:35:58.278Z - [Messenger] Setting up socket listeners
[NX v22.6.3 Daemon Client] - 2026-04-01T02:35:58.282Z - [Messenger] listen() complete
[NX v22.6.3 Daemon Client] - 2026-04-01T02:35:58.283Z - [Messenger] Sending message type: GET_NX_CONSOLE_STATUS
[NX v22.6.3 Daemon Client] - 2026-04-01T02:35:58.284Z - [Messenger] Message sent
[NX v22.6.3 Daemon Server] - 2026-04-01T02:35:58.310Z - Received raw message of length 32
[NX v22.6.3 Daemon Server] - 2026-04-01T02:35:58.310Z - Received json message of type GET_NX_CONSOLE_STATUS
[NX v22.6.3 Daemon Server] - 2026-04-01T02:35:58.310Z - Serializing response for GET_NX_CONSOLE_STATUS message in json mode
[NX v22.6.3 Daemon Server] - 2026-04-01T02:35:58.310Z - Responding to GET_NX_CONSOLE_STATUS message
[NX v22.6.3 Daemon Server] - 2026-04-01T02:35:58.310Z - [REQUEST]: Responding to the client. handleGetNxConsoleStatus
[NX v22.6.3 Daemon Server] - 2026-04-01T02:35:58.310Z - Done responding to the client handleGetNxConsoleStatus
[NX v22.6.3 Daemon Server] - 2026-04-01T02:35:58.310Z - Handled json message GET_NX_CONSOLE_STATUS. Handling time: 0. Response time: 0.
[NX v22.6.3 Daemon Client] - 2026-04-01T02:35:58.311Z - [Messenger] Received message, length: 22
[NX v22.6.3 Daemon Client] - 2026-04-01T02:35:58.387Z - [Messenger] Sending message type: REQUEST_PROJECT_GRAPH
[NX v22.6.3 Daemon Server] - 2026-04-01T02:35:58.388Z - Received raw message of length 32
[NX v22.6.3 Daemon Server] - 2026-04-01T02:35:58.388Z - Received json message of type REQUEST_PROJECT_GRAPH
[NX v22.6.3 Daemon Server] - 2026-04-01T02:35:58.388Z - [REQUEST]: Client Request for Project Graph Received
[NX v22.6.3 Daemon Server] - 2026-04-01T02:35:58.388Z - Reusing in-memory cached project graph because no files changed.
[NX v22.6.3 Daemon Server] - 2026-04-01T02:35:58.388Z - Serializing response for REQUEST_PROJECT_GRAPH message in json mode
[NX v22.6.3 Daemon Server] - 2026-04-01T02:35:58.388Z - Responding to REQUEST_PROJECT_GRAPH message
[NX v22.6.3 Daemon Server] - 2026-04-01T02:35:58.388Z - [REQUEST]: Responding to the client. project-graph
[NX v22.6.3 Daemon Server] - 2026-04-01T02:35:58.389Z - Time taken for 'total for creating and serializing project graph' 0.29852000000391854ms
[NX v22.6.3 Daemon Client] - 2026-04-01T02:35:58.389Z - [Messenger] Message sent
[NX v22.6.3 Daemon Server] - 2026-04-01T02:35:58.391Z - Done responding to the client project-graph
[NX v22.6.3 Daemon Server] - 2026-04-01T02:35:58.391Z - Handled json message REQUEST_PROJECT_GRAPH. Handling time: 0. Response time: 3.
[NX v22.6.3 Daemon Client] - 2026-04-01T02:35:58.392Z - [Messenger] Received message, length: 265276
[NX v22.6.3 Daemon Client] - 2026-04-01T02:35:58.397Z - [Messenger] Sending message type: PRE_TASKS_EXECUTION
[NX v22.6.3 Daemon Server] - 2026-04-01T02:35:58.398Z - Received raw message of length 544
[NX v22.6.3 Daemon Server] - 2026-04-01T02:35:58.398Z - Received json message of type PRE_TASKS_EXECUTION
[NX v22.6.3 Daemon Server] - 2026-04-01T02:35:58.398Z - Serializing response for PRE_TASKS_EXECUTION message in json mode
[NX v22.6.3 Daemon Server] - 2026-04-01T02:35:58.398Z - Responding to PRE_TASKS_EXECUTION message
[NX v22.6.3 Daemon Server] - 2026-04-01T02:35:58.398Z - [REQUEST]: Responding to the client. handleRunPreTasksExecution
[NX v22.6.3 Daemon Server] - 2026-04-01T02:35:58.398Z - Done responding to the client handleRunPreTasksExecution
[NX v22.6.3 Daemon Server] - 2026-04-01T02:35:58.398Z - Handled json message PRE_TASKS_EXECUTION. Handling time: 0. Response time: 0.
[NX v22.6.3 Daemon Server] - 2026-04-01T02:35:58.398Z - Time taken for 'preTasksExecution' 0.17642199999681907ms
[NX v22.6.3 Daemon Client] - 2026-04-01T02:35:58.398Z - [Messenger] Message sent
[NX v22.6.3 Daemon Client] - 2026-04-01T02:35:58.399Z - [Messenger] Received message, length: 2
[NX v22.6.3 Daemon Client] - 2026-04-01T02:35:58.421Z - [Messenger] Sending message type: HASH_TASKS
[NX v22.6.3 Daemon Server] - 2026-04-01T02:35:58.421Z - Received raw message of length 5275
[NX v22.6.3 Daemon Server] - 2026-04-01T02:35:58.421Z - Received json message of type HASH_TASKS
[NX v22.6.3 Daemon Server] - 2026-04-01T02:35:58.421Z - Reusing in-memory cached project graph because no files changed.
[NX v22.6.3 Daemon Client] - 2026-04-01T02:35:58.428Z - [Messenger] Message sent
DEBUG nx::native::tasks::hash_planner: get_plans_internal COMPLETED in 4.818025ms - processed 1 tasks (setup: 4.781907ms, parallel_planning: 22.728µs)
DEBUG nx::native::tasks::hashers::hash_workspace_files: Hashing workspace fileset with inputs: Adding "15304827094870501399" ("nx.json") to hash
DEBUG nx::native::tasks::hashers::hash_workspace_files: Hashing workspace fileset with inputs: Hash Value: "7264312360180677152"
DEBUG nx::native::tasks::task_hasher: hash_plans COMPLETED in 943.026µs - processed 1 plans (setup: 164.567µs, hashing: 775.276µs, assembly: 20.636µs)
[NX v22.6.3 Daemon Server] - 2026-04-01T02:35:58.432Z - Serializing response for HASH_TASKS message in json mode
[NX v22.6.3 Daemon Server] - 2026-04-01T02:35:58.432Z - Responding to HASH_TASKS message
[NX v22.6.3 Daemon Server] - 2026-04-01T02:35:58.432Z - [REQUEST]: Responding to the client. handleHashTasks
[NX v22.6.3 Daemon Server] - 2026-04-01T02:35:58.432Z - Done responding to the client handleHashTasks
[NX v22.6.3 Daemon Server] - 2026-04-01T02:35:58.432Z - Handled json message HASH_TASKS. Handling time: 11. Response time: 0.
[NX v22.6.3 Daemon Client] - 2026-04-01T02:35:58.433Z - [Messenger] Received message, length: 582
[NX v22.6.3 Daemon Client] - 2026-04-01T02:35:58.449Z - [Messenger] Sending message type: GET_ESTIMATED_TASK_TIMINGS
[NX v22.6.3 Daemon Server] - 2026-04-01T02:35:58.451Z - Received raw message of length 93
[NX v22.6.3 Daemon Server] - 2026-04-01T02:35:58.451Z - Received json message of type GET_ESTIMATED_TASK_TIMINGS
[NX v22.6.3 Daemon Server] - 2026-04-01T02:35:58.451Z - Serializing response for GET_ESTIMATED_TASK_TIMINGS message in json mode
[NX v22.6.3 Daemon Server] - 2026-04-01T02:35:58.451Z - Responding to GET_ESTIMATED_TASK_TIMINGS message
[NX v22.6.3 Daemon Server] - 2026-04-01T02:35:58.452Z - [REQUEST]: Responding to the client. handleGetEstimatedTaskTimings
[NX v22.6.3 Daemon Server] - 2026-04-01T02:35:58.452Z - Done responding to the client handleGetEstimatedTaskTimings
[NX v22.6.3 Daemon Server] - 2026-04-01T02:35:58.452Z - Handled json message GET_ESTIMATED_TASK_TIMINGS. Handling time: 0. Response time: 1.
[NX v22.6.3 Daemon Client] - 2026-04-01T02:35:58.452Z - [Messenger] Message sent
[NX v22.6.3 Daemon Client] - 2026-04-01T02:35:58.454Z - [Messenger] Received message, length: 2
[NX v22.6.3 Daemon Client] - 2026-04-01T02:35:59.992Z - [Messenger] Sending message type: RECORD_OUTPUTS_HASH
[NX v22.6.3 Daemon Server] - 2026-04-01T02:35:59.994Z - [WATCHER]: 8 file(s) created or restored, 0 file(s) modified, 0 file(s) deleted
[NX v22.6.3 Daemon Server] - 2026-04-01T02:35:59.995Z - [SYNC]: clearing sync generators cache due to file changes
[NX v22.6.3 Daemon Server] - 2026-04-01T02:35:59.995Z - [WATCHER]: Processing file changes in outputs
[NX v22.6.3 Daemon Client] - 2026-04-01T02:35:59.995Z - [Messenger] Message sent
[NX v22.6.3 Daemon Server] - 2026-04-01T02:35:59.995Z - Received raw message of length 195
[NX v22.6.3 Daemon Server] - 2026-04-01T02:35:59.995Z - Received json message of type RECORD_OUTPUTS_HASH
[NX v22.6.3 Daemon Server] - 2026-04-01T02:35:59.997Z - Serializing response for RECORD_OUTPUTS_HASH message in json mode
[NX v22.6.3 Daemon Server] - 2026-04-01T02:35:59.997Z - Responding to RECORD_OUTPUTS_HASH message
[NX v22.6.3 Daemon Server] - 2026-04-01T02:35:59.997Z - [REQUEST]: Responding to the client. recordOutputsHash
[NX v22.6.3 Daemon Server] - 2026-04-01T02:35:59.997Z - Done responding to the client recordOutputsHash
[NX v22.6.3 Daemon Server] - 2026-04-01T02:35:59.997Z - Handled json message RECORD_OUTPUTS_HASH. Handling time: 2. Response time: 0.
[NX v22.6.3 Daemon Client] - 2026-04-01T02:35:59.997Z - [Messenger] Received message, length: 2
[NX v22.6.3 Daemon Client] - 2026-04-01T02:36:00.002Z - [Messenger] Sending message type: RECORD_TASK_RUNS
[NX v22.6.3 Daemon Server] - 2026-04-01T02:36:00.002Z - Received raw message of length 212
[NX v22.6.3 Daemon Server] - 2026-04-01T02:36:00.002Z - Received json message of type RECORD_TASK_RUNS
[NX v22.6.3 Daemon Client] - 2026-04-01T02:36:00.003Z - [Messenger] Message sent
[NX v22.6.3 Daemon Server] - 2026-04-01T02:36:00.013Z - Serializing response for RECORD_TASK_RUNS message in json mode
[NX v22.6.3 Daemon Server] - 2026-04-01T02:36:00.013Z - Responding to RECORD_TASK_RUNS message
[NX v22.6.3 Daemon Server] - 2026-04-01T02:36:00.013Z - [REQUEST]: Responding to the client. handleRecordTaskRuns
[NX v22.6.3 Daemon Server] - 2026-04-01T02:36:00.013Z - Done responding to the client handleRecordTaskRuns
[NX v22.6.3 Daemon Server] - 2026-04-01T02:36:00.013Z - Handled json message RECORD_TASK_RUNS. Handling time: 11. Response time: 0.
[NX v22.6.3 Daemon Client] - 2026-04-01T02:36:00.019Z - [Messenger] Received message, length: 4
[NX v22.6.3 Daemon Server] - 2026-04-01T02:36:00.021Z - Established a connection. Number of open connections: 2
[NX v22.6.3 Daemon Client] - 2026-04-01T02:36:00.022Z - [Messenger] Sending message type: GET_CONFIGURE_AI_AGENTS_STATUS
[NX v22.6.3 Daemon Server] - 2026-04-01T02:36:00.022Z - Closed a connection. Number of open connections: 1
[NX v22.6.3 Daemon Client] - 2026-04-01T02:36:00.022Z - [Messenger] Message sent
[NX v22.6.3 Daemon Server] - 2026-04-01T02:36:00.022Z - Received raw message of length 41
[NX v22.6.3 Daemon Server] - 2026-04-01T02:36:00.022Z - Received json message of type GET_CONFIGURE_AI_AGENTS_STATUS
[NX v22.6.3 Daemon Server] - 2026-04-01T02:36:00.022Z - [AI-AGENTS]: Returning cached agent configuration status
[NX v22.6.3 Daemon Server] - 2026-04-01T02:36:00.022Z - Serializing response for GET_CONFIGURE_AI_AGENTS_STATUS message in json mode
[NX v22.6.3 Daemon Server] - 2026-04-01T02:36:00.022Z - Responding to GET_CONFIGURE_AI_AGENTS_STATUS message
[NX v22.6.3 Daemon Server] - 2026-04-01T02:36:00.022Z - [REQUEST]: Responding to the client. handleGetConfigureAiAgentsStatus
[NX v22.6.3 Daemon Server] - 2026-04-01T02:36:00.022Z - Done responding to the client handleGetConfigureAiAgentsStatus
[NX v22.6.3 Daemon Server] - 2026-04-01T02:36:00.023Z - Handled json message GET_CONFIGURE_AI_AGENTS_STATUS. Handling time: 0. Response time: 1.
[NX v22.6.3 Daemon Client] - 2026-04-01T02:36:00.027Z - [Messenger] Received message, length: 281
[NX v22.6.3 Daemon Client] - 2026-04-01T02:36:00.052Z - [Messenger] Sending message type: POST_TASKS_EXECUTION
[NX v22.6.3 Daemon Client] - 2026-04-01T02:36:00.052Z - [Messenger] Message sent
[NX v22.6.3 Daemon Server] - 2026-04-01T02:36:00.052Z - Received raw message of length 1759
[NX v22.6.3 Daemon Server] - 2026-04-01T02:36:00.052Z - Received json message of type POST_TASKS_EXECUTION
[NX v22.6.3 Daemon Server] - 2026-04-01T02:36:00.053Z - Serializing response for POST_TASKS_EXECUTION message in json mode
[NX v22.6.3 Daemon Server] - 2026-04-01T02:36:00.053Z - Responding to POST_TASKS_EXECUTION message
[NX v22.6.3 Daemon Server] - 2026-04-01T02:36:00.053Z - [REQUEST]: Responding to the client. handleRunPostTasksExecution
[NX v22.6.3 Daemon Server] - 2026-04-01T02:36:00.053Z - Done responding to the client handleRunPostTasksExecution
[NX v22.6.3 Daemon Server] - 2026-04-01T02:36:00.053Z - Handled json message POST_TASKS_EXECUTION. Handling time: 1. Response time: 0.
[NX v22.6.3 Daemon Server] - 2026-04-01T02:36:00.053Z - Time taken for 'postTasksExecution' 0.5500089999986812ms
[NX v22.6.3 Daemon Client] - 2026-04-01T02:36:00.053Z - [Messenger] Received message, length: 4
[NX v22.6.3 Daemon Server] - 2026-04-01T02:36:00.089Z - Closed a connection. Number of open connections: 0
[NX v22.6.3 Daemon Server] - 2026-04-01T02:36:00.102Z - [REQUEST]: Updated workspace context based on watched changes, recomputing project graph...
[NX v22.6.3 Daemon Server] - 2026-04-01T02:36:00.102Z - [REQUEST]: plugins/hello-plugin/dist/index.js.map,plugins/hello-plugin/dist/index.d.ts,dist/plugins/hello-plugin/dist/index.js.map,dist/plugins/hello-plugin/dist/index.js,dist/plugins/hello-plugin/openclaw.plugin.json,dist/plugins/hello-plugin/package.json,plugins/hello-plugin/dist/index.js,dist/plugins/hello-plugin/dist/index.d.ts
[NX v22.6.3 Daemon Server] - 2026-04-01T02:36:00.102Z - [REQUEST]: 
[NX v22.6.3 Daemon Server] - 2026-04-01T02:36:00.265Z - Time taken for 'hash changed files from watcher' 0.32809899999847403ms
[NX v22.6.3 Daemon Server] - 2026-04-01T02:36:01.014Z - Time taken for 'start-plugin-worker:nx/core/package-json' 838.6133750000008ms
Time taken for 'plugin worker 1954723 code loading' 609.416152ms
Time taken for 'plugin worker 1954725 code loading' 661.146884ms
[NX v22.6.3 Daemon Server] - 2026-04-01T02:36:01.113Z - Time taken for 'start-plugin-worker:nx/js/dependencies-and-lockfile' 970.3748500000002ms
[NX v22.6.3 Daemon Server] - 2026-04-01T02:36:01.113Z - Time taken for 'start-plugin-worker:nx/core/project-json' 880.6490959999937ms
Time taken for 'plugin worker 1954717 code loading' 588.984062ms
[NX v22.6.3 Daemon Server] - 2026-04-01T02:36:01.464Z - Time taken for 'build-project-configs' 1294.7485529999976ms
[NX v22.6.3 Daemon Server] - 2026-04-01T02:36:01.464Z - Time taken for 'createNodes:merge' 0.5464970000030007ms
[NX v22.6.3 Daemon Server] - 2026-04-01T02:36:01.464Z - Time taken for 'get-all-workspace-files' 0.03250000000116415ms
Time taken for 'nx/js/dependencies-and-lockfile:createNodes' 8.67573799999991ms
[NX v22.6.3 Daemon Server] - 2026-04-01T02:36:01.487Z - [SYNC]: collect registered sync generators
[NX v22.6.3 Daemon Server] - 2026-04-01T02:36:01.492Z - [SYNC]: project graph hash is the same, not collecting task sync generators
[NX v22.6.3 Daemon Server] - 2026-04-01T02:36:01.492Z - [SYNC]: nx.json hash is the same, not collecting global sync generators
[NX v22.6.3 Daemon Server] - 2026-04-01T02:36:01.493Z - Time taken for 'total execution time for createProjectGraph()' 48.7781959999993ms
[NX v22.6.3 Daemon Server] - 2026-04-01T02:36:01.493Z - Time taken for 'createDependencies' 28.641344999996363ms
[NX v22.6.3 Daemon Server] - 2026-04-01T02:36:01.493Z - Time taken for 'nx/js/dependencies-and-lockfile:createDependencies' 28.51401999999507ms
[NX v22.6.3 Daemon Server] - 2026-04-01T02:36:01.493Z - Time taken for 'createMetadata' 0.03282799999578856ms
[NX v22.6.3 Daemon Server] - 2026-04-01T02:36:01.493Z - Time taken for 'serialize graph' 1.4124299999966752ms
[NX v22.6.3 Daemon Server] - 2026-04-01T02:36:02.120Z - Established a connection. Number of open connections: 1
[NX v22.6.3 Daemon Server] - 2026-04-01T02:36:02.121Z - Closed a connection. Number of open connections: 0
[NX v22.6.3 Daemon Server] - 2026-04-01T02:36:02.123Z - Established a connection. Number of open connections: 1
[NX v22.6.3 Daemon Server] - 2026-04-01T02:36:02.125Z - Closed a connection. Number of open connections: 0
[NX v22.6.3 Daemon Server] - 2026-04-01T02:36:02.126Z - Established a connection. Number of open connections: 1
[NX v22.6.3 Daemon Client] - 2026-04-01T02:36:02.126Z - [Messenger] Setting up socket listeners
[NX v22.6.3 Daemon Client] - 2026-04-01T02:36:02.134Z - [Messenger] listen() complete
[NX v22.6.3 Daemon Client] - 2026-04-01T02:36:02.135Z - [Messenger] Sending message type: GET_NX_CONSOLE_STATUS
[NX v22.6.3 Daemon Client] - 2026-04-01T02:36:02.136Z - [Messenger] Message sent
[NX v22.6.3 Daemon Server] - 2026-04-01T02:36:02.190Z - Received raw message of length 32
[NX v22.6.3 Daemon Server] - 2026-04-01T02:36:02.191Z - Received json message of type GET_NX_CONSOLE_STATUS
[NX v22.6.3 Daemon Server] - 2026-04-01T02:36:02.191Z - Serializing response for GET_NX_CONSOLE_STATUS message in json mode
[NX v22.6.3 Daemon Server] - 2026-04-01T02:36:02.191Z - Responding to GET_NX_CONSOLE_STATUS message
[NX v22.6.3 Daemon Server] - 2026-04-01T02:36:02.191Z - [REQUEST]: Responding to the client. handleGetNxConsoleStatus
[NX v22.6.3 Daemon Server] - 2026-04-01T02:36:02.191Z - Done responding to the client handleGetNxConsoleStatus
[NX v22.6.3 Daemon Server] - 2026-04-01T02:36:02.191Z - Handled json message GET_NX_CONSOLE_STATUS. Handling time: 0. Response time: 0.
[NX v22.6.3 Daemon Client] - 2026-04-01T02:36:02.192Z - [Messenger] Received message, length: 22
[NX v22.6.3 Daemon Client] - 2026-04-01T02:36:02.290Z - [Messenger] Sending message type: REQUEST_PROJECT_GRAPH
[NX v22.6.3 Daemon Server] - 2026-04-01T02:36:02.291Z - Received raw message of length 32
[NX v22.6.3 Daemon Server] - 2026-04-01T02:36:02.291Z - Received json message of type REQUEST_PROJECT_GRAPH
[NX v22.6.3 Daemon Server] - 2026-04-01T02:36:02.291Z - [REQUEST]: Client Request for Project Graph Received
[NX v22.6.3 Daemon Server] - 2026-04-01T02:36:02.291Z - Reusing in-memory cached project graph because no files changed.
[NX v22.6.3 Daemon Server] - 2026-04-01T02:36:02.291Z - Serializing response for REQUEST_PROJECT_GRAPH message in json mode
[NX v22.6.3 Daemon Server] - 2026-04-01T02:36:02.291Z - Responding to REQUEST_PROJECT_GRAPH message
[NX v22.6.3 Daemon Server] - 2026-04-01T02:36:02.291Z - [REQUEST]: Responding to the client. project-graph
[NX v22.6.3 Daemon Server] - 2026-04-01T02:36:02.292Z - Time taken for 'total for creating and serializing project graph' 0.324373999996169ms
[NX v22.6.3 Daemon Client] - 2026-04-01T02:36:02.292Z - [Messenger] Message sent
[NX v22.6.3 Daemon Server] - 2026-04-01T02:36:02.293Z - Done responding to the client project-graph
[NX v22.6.3 Daemon Server] - 2026-04-01T02:36:02.293Z - Handled json message REQUEST_PROJECT_GRAPH. Handling time: 0. Response time: 2.
[NX v22.6.3 Daemon Client] - 2026-04-01T02:36:02.294Z - [Messenger] Received message, length: 265276
[NX v22.6.3 Daemon Client] - 2026-04-01T02:36:02.299Z - [Messenger] Sending message type: PRE_TASKS_EXECUTION
[NX v22.6.3 Daemon Server] - 2026-04-01T02:36:02.300Z - Received raw message of length 548
[NX v22.6.3 Daemon Server] - 2026-04-01T02:36:02.300Z - Received json message of type PRE_TASKS_EXECUTION
[NX v22.6.3 Daemon Server] - 2026-04-01T02:36:02.300Z - Serializing response for PRE_TASKS_EXECUTION message in json mode
[NX v22.6.3 Daemon Server] - 2026-04-01T02:36:02.300Z - Responding to PRE_TASKS_EXECUTION message
[NX v22.6.3 Daemon Server] - 2026-04-01T02:36:02.300Z - [REQUEST]: Responding to the client. handleRunPreTasksExecution
[NX v22.6.3 Daemon Server] - 2026-04-01T02:36:02.301Z - Done responding to the client handleRunPreTasksExecution
[NX v22.6.3 Daemon Server] - 2026-04-01T02:36:02.301Z - Handled json message PRE_TASKS_EXECUTION. Handling time: 0. Response time: 1.
[NX v22.6.3 Daemon Server] - 2026-04-01T02:36:02.301Z - Time taken for 'preTasksExecution' 0.20852000000013504ms
[NX v22.6.3 Daemon Client] - 2026-04-01T02:36:02.301Z - [Messenger] Message sent
[NX v22.6.3 Daemon Client] - 2026-04-01T02:36:02.324Z - [Messenger] Received message, length: 2
[NX v22.6.3 Daemon Client] - 2026-04-01T02:36:02.351Z - [Messenger] Sending message type: HASH_TASKS
[NX v22.6.3 Daemon Server] - 2026-04-01T02:36:02.352Z - Received raw message of length 5831
[NX v22.6.3 Daemon Server] - 2026-04-01T02:36:02.352Z - Received json message of type HASH_TASKS
[NX v22.6.3 Daemon Server] - 2026-04-01T02:36:02.352Z - Reusing in-memory cached project graph because no files changed.
[NX v22.6.3 Daemon Client] - 2026-04-01T02:36:02.360Z - [Messenger] Message sent
DEBUG nx::native::tasks::hash_planner: get_plans_internal COMPLETED in 11.03308ms - processed 2 tasks (setup: 3.615101ms, parallel_planning: 7.411415ms)
DEBUG nx::native::tasks::hashers::hash_workspace_files: Hashing workspace fileset with inputs: Adding "15304827094870501399" ("nx.json") to hash
DEBUG nx::native::tasks::hashers::hash_workspace_files: Hashing workspace fileset with inputs: Hash Value: "7264312360180677152"
DEBUG nx::native::tasks::task_hasher: hash_plans COMPLETED in 10.53262ms - processed 2 plans (setup: 132.69µs, hashing: 10.398182ms, assembly: 51.995µs)
[NX v22.6.3 Daemon Server] - 2026-04-01T02:36:02.379Z - Serializing response for HASH_TASKS message in json mode
[NX v22.6.3 Daemon Server] - 2026-04-01T02:36:02.379Z - Responding to HASH_TASKS message
[NX v22.6.3 Daemon Server] - 2026-04-01T02:36:02.379Z - [REQUEST]: Responding to the client. handleHashTasks
[NX v22.6.3 Daemon Server] - 2026-04-01T02:36:02.379Z - Done responding to the client handleHashTasks
[NX v22.6.3 Daemon Server] - 2026-04-01T02:36:02.379Z - Handled json message HASH_TASKS. Handling time: 27. Response time: 0.
[NX v22.6.3 Daemon Client] - 2026-04-01T02:36:02.379Z - [Messenger] Received message, length: 1162
[NX v22.6.3 Daemon Client] - 2026-04-01T02:36:02.400Z - [Messenger] Sending message type: GET_ESTIMATED_TASK_TIMINGS
[NX v22.6.3 Daemon Server] - 2026-04-01T02:36:02.401Z - Received raw message of length 142
[NX v22.6.3 Daemon Server] - 2026-04-01T02:36:02.401Z - Received json message of type GET_ESTIMATED_TASK_TIMINGS
[NX v22.6.3 Daemon Server] - 2026-04-01T02:36:02.401Z - Serializing response for GET_ESTIMATED_TASK_TIMINGS message in json mode
[NX v22.6.3 Daemon Server] - 2026-04-01T02:36:02.401Z - Responding to GET_ESTIMATED_TASK_TIMINGS message
[NX v22.6.3 Daemon Server] - 2026-04-01T02:36:02.401Z - [REQUEST]: Responding to the client. handleGetEstimatedTaskTimings
[NX v22.6.3 Daemon Server] - 2026-04-01T02:36:02.401Z - Done responding to the client handleGetEstimatedTaskTimings
[NX v22.6.3 Daemon Server] - 2026-04-01T02:36:02.401Z - Handled json message GET_ESTIMATED_TASK_TIMINGS. Handling time: 0. Response time: 0.
[NX v22.6.3 Daemon Client] - 2026-04-01T02:36:02.401Z - [Messenger] Message sent
[NX v22.6.3 Daemon Client] - 2026-04-01T02:36:02.403Z - [Messenger] Received message, length: 27
[NX v22.6.3 Daemon Server] - 2026-04-01T02:36:05.488Z - [WATCHER]: 3 file(s) created or restored, 0 file(s) modified, 0 file(s) deleted
[NX v22.6.3 Daemon Server] - 2026-04-01T02:36:05.488Z - [SYNC]: clearing sync generators cache due to file changes
[NX v22.6.3 Daemon Server] - 2026-04-01T02:36:05.488Z - [WATCHER]: Processing file changes in outputs
[NX v22.6.3 Daemon Client] - 2026-04-01T02:36:05.521Z - [Messenger] Sending message type: RECORD_OUTPUTS_HASH
[NX v22.6.3 Daemon Server] - 2026-04-01T02:36:05.522Z - Received raw message of length 195
[NX v22.6.3 Daemon Server] - 2026-04-01T02:36:05.522Z - Received json message of type RECORD_OUTPUTS_HASH
[NX v22.6.3 Daemon Client] - 2026-04-01T02:36:05.522Z - [Messenger] Message sent
[NX v22.6.3 Daemon Server] - 2026-04-01T02:36:05.525Z - Serializing response for RECORD_OUTPUTS_HASH message in json mode
[NX v22.6.3 Daemon Server] - 2026-04-01T02:36:05.525Z - Responding to RECORD_OUTPUTS_HASH message
[NX v22.6.3 Daemon Server] - 2026-04-01T02:36:05.525Z - [REQUEST]: Responding to the client. recordOutputsHash
[NX v22.6.3 Daemon Server] - 2026-04-01T02:36:05.525Z - Done responding to the client recordOutputsHash
[NX v22.6.3 Daemon Server] - 2026-04-01T02:36:05.525Z - Handled json message RECORD_OUTPUTS_HASH. Handling time: 3. Response time: 0.
[NX v22.6.3 Daemon Client] - 2026-04-01T02:36:05.526Z - [Messenger] Received message, length: 2
[NX v22.6.3 Daemon Server] - 2026-04-01T02:36:05.542Z - [WATCHER]: 2 file(s) created or restored, 0 file(s) modified, 0 file(s) deleted
[NX v22.6.3 Daemon Server] - 2026-04-01T02:36:05.542Z - [SYNC]: clearing sync generators cache due to file changes
[NX v22.6.3 Daemon Server] - 2026-04-01T02:36:05.542Z - [WATCHER]: Processing file changes in outputs
[NX v22.6.3 Daemon Server] - 2026-04-01T02:36:05.589Z - [REQUEST]: Updated workspace context based on watched changes, recomputing project graph...
[NX v22.6.3 Daemon Server] - 2026-04-01T02:36:05.589Z - [REQUEST]: plugins/hello-plugin/dist/index.d.ts,plugins/hello-plugin/dist/index.js.map,plugins/hello-plugin/dist/index.js,dist/plugins/hello-plugin/openclaw.plugin.json,dist/plugins/hello-plugin/package.json
[NX v22.6.3 Daemon Server] - 2026-04-01T02:36:05.589Z - [REQUEST]: 
[NX v22.6.3 Daemon Server] - 2026-04-01T02:36:05.638Z - Time taken for 'hash changed files from watcher' 0.6699489999955404ms
[NX v22.6.3 Daemon Client] - 2026-04-01T02:36:05.649Z - [Messenger] Sending message type: RECORD_OUTPUTS_HASH
[NX v22.6.3 Daemon Client] - 2026-04-01T02:36:05.649Z - [Messenger] Message sent
[NX v22.6.3 Daemon Server] - 2026-04-01T02:36:05.650Z - Received raw message of length 81
[NX v22.6.3 Daemon Server] - 2026-04-01T02:36:05.650Z - Received json message of type RECORD_OUTPUTS_HASH
[NX v22.6.3 Daemon Server] - 2026-04-01T02:36:05.650Z - Serializing response for RECORD_OUTPUTS_HASH message in json mode
[NX v22.6.3 Daemon Server] - 2026-04-01T02:36:05.650Z - Responding to RECORD_OUTPUTS_HASH message
[NX v22.6.3 Daemon Server] - 2026-04-01T02:36:05.650Z - [REQUEST]: Responding to the client. recordOutputsHash
[NX v22.6.3 Daemon Server] - 2026-04-01T02:36:05.650Z - Done responding to the client recordOutputsHash
[NX v22.6.3 Daemon Server] - 2026-04-01T02:36:05.650Z - Handled json message RECORD_OUTPUTS_HASH. Handling time: 0. Response time: 0.
[NX v22.6.3 Daemon Client] - 2026-04-01T02:36:05.650Z - [Messenger] Received message, length: 2
[NX v22.6.3 Daemon Client] - 2026-04-01T02:36:05.654Z - [Messenger] Sending message type: RECORD_TASK_RUNS
[NX v22.6.3 Daemon Client] - 2026-04-01T02:36:05.654Z - [Messenger] Message sent
[NX v22.6.3 Daemon Server] - 2026-04-01T02:36:05.668Z - Received raw message of length 389
[NX v22.6.3 Daemon Server] - 2026-04-01T02:36:05.668Z - Received json message of type RECORD_TASK_RUNS
[NX v22.6.3 Daemon Server] - 2026-04-01T02:36:05.675Z - Serializing response for RECORD_TASK_RUNS message in json mode
[NX v22.6.3 Daemon Server] - 2026-04-01T02:36:05.675Z - Responding to RECORD_TASK_RUNS message
[NX v22.6.3 Daemon Server] - 2026-04-01T02:36:05.675Z - [REQUEST]: Responding to the client. handleRecordTaskRuns
[NX v22.6.3 Daemon Server] - 2026-04-01T02:36:05.675Z - Done responding to the client handleRecordTaskRuns
[NX v22.6.3 Daemon Server] - 2026-04-01T02:36:05.675Z - Handled json message RECORD_TASK_RUNS. Handling time: 7. Response time: 0.
[NX v22.6.3 Daemon Client] - 2026-04-01T02:36:05.676Z - [Messenger] Received message, length: 4
[NX v22.6.3 Daemon Client] - 2026-04-01T02:36:05.677Z - [Messenger] Sending message type: GET_CONFIGURE_AI_AGENTS_STATUS
[NX v22.6.3 Daemon Client] - 2026-04-01T02:36:05.677Z - [Messenger] Message sent
[NX v22.6.3 Daemon Server] - 2026-04-01T02:36:05.686Z - Received raw message of length 41
[NX v22.6.3 Daemon Server] - 2026-04-01T02:36:05.686Z - Received json message of type GET_CONFIGURE_AI_AGENTS_STATUS
[NX v22.6.3 Daemon Server] - 2026-04-01T02:36:05.686Z - [AI-AGENTS]: Returning cached agent configuration status
[NX v22.6.3 Daemon Server] - 2026-04-01T02:36:05.686Z - Serializing response for GET_CONFIGURE_AI_AGENTS_STATUS message in json mode
[NX v22.6.3 Daemon Server] - 2026-04-01T02:36:05.686Z - Responding to GET_CONFIGURE_AI_AGENTS_STATUS message
[NX v22.6.3 Daemon Server] - 2026-04-01T02:36:05.686Z - [REQUEST]: Responding to the client. handleGetConfigureAiAgentsStatus
[NX v22.6.3 Daemon Server] - 2026-04-01T02:36:05.686Z - Done responding to the client handleGetConfigureAiAgentsStatus
[NX v22.6.3 Daemon Server] - 2026-04-01T02:36:05.686Z - Handled json message GET_CONFIGURE_AI_AGENTS_STATUS. Handling time: 0. Response time: 0.
[NX v22.6.3 Daemon Server] - 2026-04-01T02:36:05.686Z - Established a connection. Number of open connections: 2
[NX v22.6.3 Daemon Server] - 2026-04-01T02:36:05.687Z - Closed a connection. Number of open connections: 1
[NX v22.6.3 Daemon Client] - 2026-04-01T02:36:05.687Z - [Messenger] Received message, length: 281
[NX v22.6.3 Daemon Client] - 2026-04-01T02:36:05.725Z - [Messenger] Sending message type: POST_TASKS_EXECUTION
[NX v22.6.3 Daemon Server] - 2026-04-01T02:36:05.731Z - Received raw message of length 3801
[NX v22.6.3 Daemon Server] - 2026-04-01T02:36:05.731Z - Received json message of type POST_TASKS_EXECUTION
[NX v22.6.3 Daemon Server] - 2026-04-01T02:36:05.731Z - Serializing response for POST_TASKS_EXECUTION message in json mode
[NX v22.6.3 Daemon Server] - 2026-04-01T02:36:05.732Z - Responding to POST_TASKS_EXECUTION message
[NX v22.6.3 Daemon Server] - 2026-04-01T02:36:05.732Z - [REQUEST]: Responding to the client. handleRunPostTasksExecution
[NX v22.6.3 Daemon Server] - 2026-04-01T02:36:05.732Z - Done responding to the client handleRunPostTasksExecution
[NX v22.6.3 Daemon Server] - 2026-04-01T02:36:05.732Z - Handled json message POST_TASKS_EXECUTION. Handling time: 0. Response time: 1.
[NX v22.6.3 Daemon Server] - 2026-04-01T02:36:05.732Z - Time taken for 'postTasksExecution' 0.5154089999996359ms
[NX v22.6.3 Daemon Client] - 2026-04-01T02:36:05.732Z - [Messenger] Message sent
[NX v22.6.3 Daemon Client] - 2026-04-01T02:36:05.732Z - [Messenger] Received message, length: 4
[NX v22.6.3 Daemon Server] - 2026-04-01T02:36:05.892Z - Closed a connection. Number of open connections: 0
Time taken for 'plugin worker 1957171 code loading' 418.746557ms
[NX v22.6.3 Daemon Server] - 2026-04-01T02:36:06.309Z - Time taken for 'start-plugin-worker:nx/js/dependencies-and-lockfile' 719.1278119999988ms
Time taken for 'plugin worker 1957192 code loading' 610.004962ms
[NX v22.6.3 Daemon Server] - 2026-04-01T02:36:06.340Z - Time taken for 'start-plugin-worker:nx/core/project-json' 713.518339000002ms
[NX v22.6.3 Daemon Server] - 2026-04-01T02:36:06.392Z - Time taken for 'start-plugin-worker:nx/core/package-json' 789.1290130000052ms
Time taken for 'plugin worker 1957177 code loading' 535.665528ms
Time taken for 'nx/js/dependencies-and-lockfile:createNodes' 9.10475699999995ms
[NX v22.6.3 Daemon Server] - 2026-04-01T02:36:06.582Z - Time taken for 'build-project-configs' 981.6371429999999ms
[NX v22.6.3 Daemon Server] - 2026-04-01T02:36:06.583Z - Time taken for 'createNodes:merge' 0.5438060000014957ms
[NX v22.6.3 Daemon Server] - 2026-04-01T02:36:06.583Z - Time taken for 'get-all-workspace-files' 0.03206499999942025ms
[NX v22.6.3 Daemon Server] - 2026-04-01T02:36:06.604Z - [SYNC]: collect registered sync generators
[NX v22.6.3 Daemon Server] - 2026-04-01T02:36:06.609Z - [SYNC]: project graph hash is the same, not collecting task sync generators
[NX v22.6.3 Daemon Server] - 2026-04-01T02:36:06.609Z - [SYNC]: nx.json hash is the same, not collecting global sync generators
[NX v22.6.3 Daemon Server] - 2026-04-01T02:36:06.610Z - Time taken for 'total execution time for createProjectGraph()' 16.871093000001565ms
[NX v22.6.3 Daemon Server] - 2026-04-01T02:36:06.610Z - Time taken for 'createDependencies' 11.837999000003038ms
[NX v22.6.3 Daemon Server] - 2026-04-01T02:36:06.610Z - Time taken for 'nx/js/dependencies-and-lockfile:createDependencies' 11.72157999999763ms
[NX v22.6.3 Daemon Server] - 2026-04-01T02:36:06.610Z - Time taken for 'createMetadata' 0.030677999995532446ms
[NX v22.6.3 Daemon Server] - 2026-04-01T02:36:06.610Z - Time taken for 'serialize graph' 15.848825000000943ms
[NX v22.6.3 Daemon Server] - 2026-04-01T02:36:12.786Z - [WATCHER]: plugins/hello-plugin/project.json was modified
[NX v22.6.3 Daemon Server] - 2026-04-01T02:36:12.787Z - [SYNC]: clearing sync generators cache due to file changes
[NX v22.6.3 Daemon Server] - 2026-04-01T02:36:12.787Z - [WATCHER]: Processing file changes in outputs
[NX v22.6.3 Daemon Server] - 2026-04-01T02:36:12.987Z - [REQUEST]: Updated workspace context based on watched changes, recomputing project graph...
[NX v22.6.3 Daemon Server] - 2026-04-01T02:36:12.987Z - [REQUEST]: plugins/hello-plugin/project.json
[NX v22.6.3 Daemon Server] - 2026-04-01T02:36:12.987Z - [REQUEST]: 
[NX v22.6.3 Daemon Server] - 2026-04-01T02:36:13.039Z - Time taken for 'hash changed files from watcher' 0.1426759999958449ms
Time taken for 'plugin worker 1960144 code loading' 353.43040499999995ms
[NX v22.6.3 Daemon Server] - 2026-04-01T02:36:13.394Z - Time taken for 'start-plugin-worker:nx/core/package-json' 400.5223149999947ms
Time taken for 'plugin worker 1960150 code loading' 320.37777600000004ms
[NX v22.6.3 Daemon Server] - 2026-04-01T02:36:13.426Z - Time taken for 'start-plugin-worker:nx/core/project-json' 421.6462820000015ms
Time taken for 'plugin worker 1960143 code loading' 421.96921199999997ms
[NX v22.6.3 Daemon Server] - 2026-04-01T02:36:13.455Z - Time taken for 'start-plugin-worker:nx/js/dependencies-and-lockfile' 466.32916000000114ms
[NX v22.6.3 Daemon Server] - 2026-04-01T02:36:13.676Z - Time taken for 'build-project-configs' 683.1647870000015ms
[NX v22.6.3 Daemon Server] - 2026-04-01T02:36:13.676Z - Time taken for 'createNodes:merge' 0.6352499999993597ms
[NX v22.6.3 Daemon Server] - 2026-04-01T02:36:13.676Z - Time taken for 'native-file-deps' 0.006612999997742008ms
[NX v22.6.3 Daemon Server] - 2026-04-01T02:36:13.676Z - Time taken for 'get-workspace-files' 0.5795710000020335ms
[NX v22.6.3 Daemon Server] - 2026-04-01T02:36:13.676Z - Time taken for 'get-all-workspace-files' 0.03295100000104867ms
Time taken for 'nx/js/dependencies-and-lockfile:createNodes' 12.285527000000002ms
[NX v22.6.3 Daemon Server] - 2026-04-01T02:36:13.711Z - [SYNC]: collect registered sync generators
[NX v22.6.3 Daemon Server] - 2026-04-01T02:36:13.712Z - [SYNC]: nx.json hash is the same, not collecting global sync generators
[NX v22.6.3 Daemon Server] - 2026-04-01T02:36:13.712Z - Time taken for 'total execution time for createProjectGraph()' 37.83912899999996ms
[NX v22.6.3 Daemon Server] - 2026-04-01T02:36:13.712Z - Time taken for 'createDependencies' 34.90272499999992ms
[NX v22.6.3 Daemon Server] - 2026-04-01T02:36:13.712Z - Time taken for 'nx/js/dependencies-and-lockfile:createDependencies' 34.767697000002954ms
[NX v22.6.3 Daemon Server] - 2026-04-01T02:36:13.712Z - Time taken for 'createMetadata' 0.03910399999585934ms
[NX v22.6.3 Daemon Server] - 2026-04-01T02:36:13.712Z - Time taken for 'serialize graph' 1.3486360000024433ms
[NX v22.6.3 Daemon Server] - 2026-04-01T02:36:18.428Z - Established a connection. Number of open connections: 1
[NX v22.6.3 Daemon Server] - 2026-04-01T02:36:18.430Z - Closed a connection. Number of open connections: 0
[NX v22.6.3 Daemon Server] - 2026-04-01T02:36:18.431Z - Established a connection. Number of open connections: 1
[NX v22.6.3 Daemon Server] - 2026-04-01T02:36:18.440Z - Closed a connection. Number of open connections: 0
[NX v22.6.3 Daemon Server] - 2026-04-01T02:36:18.440Z - Established a connection. Number of open connections: 1
[NX v22.6.3 Daemon Client] - 2026-04-01T02:36:18.440Z - [Messenger] Setting up socket listeners
[NX v22.6.3 Daemon Client] - 2026-04-01T02:36:18.444Z - [Messenger] listen() complete
[NX v22.6.3 Daemon Client] - 2026-04-01T02:36:18.445Z - [Messenger] Sending message type: GET_NX_CONSOLE_STATUS
[NX v22.6.3 Daemon Client] - 2026-04-01T02:36:18.446Z - [Messenger] Message sent
[NX v22.6.3 Daemon Server] - 2026-04-01T02:36:18.504Z - Received raw message of length 32
[NX v22.6.3 Daemon Server] - 2026-04-01T02:36:18.505Z - Received json message of type GET_NX_CONSOLE_STATUS
[NX v22.6.3 Daemon Server] - 2026-04-01T02:36:18.505Z - Serializing response for GET_NX_CONSOLE_STATUS message in json mode
[NX v22.6.3 Daemon Server] - 2026-04-01T02:36:18.505Z - Responding to GET_NX_CONSOLE_STATUS message
[NX v22.6.3 Daemon Server] - 2026-04-01T02:36:18.505Z - [REQUEST]: Responding to the client. handleGetNxConsoleStatus
[NX v22.6.3 Daemon Server] - 2026-04-01T02:36:18.505Z - Done responding to the client handleGetNxConsoleStatus
[NX v22.6.3 Daemon Server] - 2026-04-01T02:36:18.505Z - Handled json message GET_NX_CONSOLE_STATUS. Handling time: 0. Response time: 0.
[NX v22.6.3 Daemon Client] - 2026-04-01T02:36:18.505Z - [Messenger] Received message, length: 22
[NX v22.6.3 Daemon Client] - 2026-04-01T02:36:18.577Z - [Messenger] Sending message type: REQUEST_PROJECT_GRAPH
[NX v22.6.3 Daemon Server] - 2026-04-01T02:36:18.578Z - Received raw message of length 32
[NX v22.6.3 Daemon Server] - 2026-04-01T02:36:18.578Z - Received json message of type REQUEST_PROJECT_GRAPH
[NX v22.6.3 Daemon Server] - 2026-04-01T02:36:18.578Z - [REQUEST]: Client Request for Project Graph Received
[NX v22.6.3 Daemon Server] - 2026-04-01T02:36:18.578Z - Reusing in-memory cached project graph because no files changed.
[NX v22.6.3 Daemon Server] - 2026-04-01T02:36:18.578Z - Serializing response for REQUEST_PROJECT_GRAPH message in json mode
[NX v22.6.3 Daemon Server] - 2026-04-01T02:36:18.579Z - Responding to REQUEST_PROJECT_GRAPH message
[NX v22.6.3 Daemon Server] - 2026-04-01T02:36:18.579Z - [REQUEST]: Responding to the client. project-graph
[NX v22.6.3 Daemon Server] - 2026-04-01T02:36:18.579Z - Time taken for 'total for creating and serializing project graph' 0.4540770000021439ms
[NX v22.6.3 Daemon Client] - 2026-04-01T02:36:18.579Z - [Messenger] Message sent
[NX v22.6.3 Daemon Server] - 2026-04-01T02:36:18.580Z - Done responding to the client project-graph
[NX v22.6.3 Daemon Server] - 2026-04-01T02:36:18.580Z - Handled json message REQUEST_PROJECT_GRAPH. Handling time: 0. Response time: 2.
[NX v22.6.3 Daemon Client] - 2026-04-01T02:36:18.581Z - [Messenger] Received message, length: 265252
[NX v22.6.3 Daemon Client] - 2026-04-01T02:36:18.586Z - [Messenger] Sending message type: PRE_TASKS_EXECUTION
[NX v22.6.3 Daemon Server] - 2026-04-01T02:36:18.587Z - Received raw message of length 549
[NX v22.6.3 Daemon Server] - 2026-04-01T02:36:18.587Z - Received json message of type PRE_TASKS_EXECUTION
[NX v22.6.3 Daemon Server] - 2026-04-01T02:36:18.587Z - Serializing response for PRE_TASKS_EXECUTION message in json mode
[NX v22.6.3 Daemon Server] - 2026-04-01T02:36:18.587Z - Responding to PRE_TASKS_EXECUTION message
[NX v22.6.3 Daemon Server] - 2026-04-01T02:36:18.587Z - [REQUEST]: Responding to the client. handleRunPreTasksExecution
[NX v22.6.3 Daemon Server] - 2026-04-01T02:36:18.587Z - Done responding to the client handleRunPreTasksExecution
[NX v22.6.3 Daemon Client] - 2026-04-01T02:36:18.587Z - [Messenger] Message sent
[NX v22.6.3 Daemon Server] - 2026-04-01T02:36:18.587Z - Handled json message PRE_TASKS_EXECUTION. Handling time: 0. Response time: 0.
[NX v22.6.3 Daemon Server] - 2026-04-01T02:36:18.587Z - Time taken for 'preTasksExecution' 0.2100960000025225ms
[NX v22.6.3 Daemon Client] - 2026-04-01T02:36:18.588Z - [Messenger] Received message, length: 2
[NX v22.6.3 Daemon Client] - 2026-04-01T02:36:18.611Z - [Messenger] Sending message type: HASH_TASKS
[NX v22.6.3 Daemon Client] - 2026-04-01T02:36:18.611Z - [Messenger] Message sent
[NX v22.6.3 Daemon Server] - 2026-04-01T02:36:18.611Z - Received raw message of length 5831
[NX v22.6.3 Daemon Server] - 2026-04-01T02:36:18.612Z - Received json message of type HASH_TASKS
[NX v22.6.3 Daemon Server] - 2026-04-01T02:36:18.612Z - Reusing in-memory cached project graph because no files changed.
DEBUG nx::native::tasks::hash_planner: get_plans_internal COMPLETED in 2.105097ms - processed 2 tasks (setup: 1.966311ms, parallel_planning: 131.058µs)
DEBUG nx::native::tasks::hashers::hash_workspace_files: Hashing workspace fileset with inputs: Adding "15304827094870501399" ("nx.json") to hash
DEBUG nx::native::tasks::hashers::hash_workspace_files: Hashing workspace fileset with inputs: Hash Value: "7264312360180677152"
DEBUG nx::native::tasks::task_hasher: hash_plans COMPLETED in 1.004653ms - processed 2 plans (setup: 111.3µs, hashing: 890.874µs, assembly: 33.147µs)
[NX v22.6.3 Daemon Server] - 2026-04-01T02:36:18.620Z - Serializing response for HASH_TASKS message in json mode
[NX v22.6.3 Daemon Server] - 2026-04-01T02:36:18.620Z - Responding to HASH_TASKS message
[NX v22.6.3 Daemon Server] - 2026-04-01T02:36:18.620Z - [REQUEST]: Responding to the client. handleHashTasks
[NX v22.6.3 Daemon Server] - 2026-04-01T02:36:18.620Z - Done responding to the client handleHashTasks
[NX v22.6.3 Daemon Server] - 2026-04-01T02:36:18.620Z - Handled json message HASH_TASKS. Handling time: 8. Response time: 0.
[NX v22.6.3 Daemon Client] - 2026-04-01T02:36:18.620Z - [Messenger] Received message, length: 1163
[NX v22.6.3 Daemon Client] - 2026-04-01T02:36:18.631Z - [Messenger] Sending message type: GET_ESTIMATED_TASK_TIMINGS
[NX v22.6.3 Daemon Client] - 2026-04-01T02:36:18.632Z - [Messenger] Message sent
[NX v22.6.3 Daemon Server] - 2026-04-01T02:36:18.632Z - Received raw message of length 142
[NX v22.6.3 Daemon Server] - 2026-04-01T02:36:18.632Z - Received json message of type GET_ESTIMATED_TASK_TIMINGS
[NX v22.6.3 Daemon Server] - 2026-04-01T02:36:18.632Z - Serializing response for GET_ESTIMATED_TASK_TIMINGS message in json mode
[NX v22.6.3 Daemon Server] - 2026-04-01T02:36:18.632Z - Responding to GET_ESTIMATED_TASK_TIMINGS message
[NX v22.6.3 Daemon Server] - 2026-04-01T02:36:18.632Z - [REQUEST]: Responding to the client. handleGetEstimatedTaskTimings
[NX v22.6.3 Daemon Server] - 2026-04-01T02:36:18.632Z - Done responding to the client handleGetEstimatedTaskTimings
[NX v22.6.3 Daemon Server] - 2026-04-01T02:36:18.632Z - Handled json message GET_ESTIMATED_TASK_TIMINGS. Handling time: 0. Response time: 0.
[NX v22.6.3 Daemon Client] - 2026-04-01T02:36:18.633Z - [Messenger] Received message, length: 27
[NX v22.6.3 Daemon Server] - 2026-04-01T02:36:20.559Z - [WATCHER]: Processing file changes in outputs
[NX v22.6.3 Daemon Server] - 2026-04-01T02:36:20.559Z - [WATCHER]: 8 file(s) created or restored, 0 file(s) modified, 0 file(s) deleted
[NX v22.6.3 Daemon Server] - 2026-04-01T02:36:20.559Z - [SYNC]: clearing sync generators cache due to file changes
[NX v22.6.3 Daemon Client] - 2026-04-01T02:36:20.560Z - [Messenger] Sending message type: RECORD_OUTPUTS_HASH
[NX v22.6.3 Daemon Client] - 2026-04-01T02:36:20.560Z - [Messenger] Message sent
[NX v22.6.3 Daemon Server] - 2026-04-01T02:36:20.561Z - Received raw message of length 196
[NX v22.6.3 Daemon Server] - 2026-04-01T02:36:20.561Z - Received json message of type RECORD_OUTPUTS_HASH
[NX v22.6.3 Daemon Server] - 2026-04-01T02:36:20.563Z - Serializing response for RECORD_OUTPUTS_HASH message in json mode
[NX v22.6.3 Daemon Server] - 2026-04-01T02:36:20.563Z - Responding to RECORD_OUTPUTS_HASH message
[NX v22.6.3 Daemon Server] - 2026-04-01T02:36:20.563Z - [REQUEST]: Responding to the client. recordOutputsHash
[NX v22.6.3 Daemon Server] - 2026-04-01T02:36:20.563Z - Done responding to the client recordOutputsHash
[NX v22.6.3 Daemon Server] - 2026-04-01T02:36:20.563Z - Handled json message RECORD_OUTPUTS_HASH. Handling time: 2. Response time: 0.
[NX v22.6.3 Daemon Client] - 2026-04-01T02:36:20.563Z - [Messenger] Received message, length: 2
[NX v22.6.3 Daemon Client] - 2026-04-01T02:36:20.622Z - [Messenger] Sending message type: RECORD_OUTPUTS_HASH
[NX v22.6.3 Daemon Client] - 2026-04-01T02:36:20.622Z - [Messenger] Message sent
[NX v22.6.3 Daemon Server] - 2026-04-01T02:36:20.623Z - Received raw message of length 81
[NX v22.6.3 Daemon Server] - 2026-04-01T02:36:20.623Z - Received json message of type RECORD_OUTPUTS_HASH
[NX v22.6.3 Daemon Server] - 2026-04-01T02:36:20.623Z - Serializing response for RECORD_OUTPUTS_HASH message in json mode
[NX v22.6.3 Daemon Server] - 2026-04-01T02:36:20.623Z - Responding to RECORD_OUTPUTS_HASH message
[NX v22.6.3 Daemon Server] - 2026-04-01T02:36:20.623Z - [REQUEST]: Responding to the client. recordOutputsHash
[NX v22.6.3 Daemon Server] - 2026-04-01T02:36:20.623Z - Done responding to the client recordOutputsHash
[NX v22.6.3 Daemon Server] - 2026-04-01T02:36:20.623Z - Handled json message RECORD_OUTPUTS_HASH. Handling time: 0. Response time: 0.
[NX v22.6.3 Daemon Client] - 2026-04-01T02:36:20.623Z - [Messenger] Received message, length: 2
[NX v22.6.3 Daemon Client] - 2026-04-01T02:36:20.626Z - [Messenger] Sending message type: RECORD_TASK_RUNS
[NX v22.6.3 Daemon Server] - 2026-04-01T02:36:20.626Z - Received raw message of length 390
[NX v22.6.3 Daemon Server] - 2026-04-01T02:36:20.626Z - Received json message of type RECORD_TASK_RUNS
[NX v22.6.3 Daemon Client] - 2026-04-01T02:36:20.626Z - [Messenger] Message sent
[NX v22.6.3 Daemon Server] - 2026-04-01T02:36:20.628Z - Serializing response for RECORD_TASK_RUNS message in json mode
[NX v22.6.3 Daemon Server] - 2026-04-01T02:36:20.628Z - Responding to RECORD_TASK_RUNS message
[NX v22.6.3 Daemon Server] - 2026-04-01T02:36:20.628Z - [REQUEST]: Responding to the client. handleRecordTaskRuns
[NX v22.6.3 Daemon Server] - 2026-04-01T02:36:20.628Z - Done responding to the client handleRecordTaskRuns
[NX v22.6.3 Daemon Server] - 2026-04-01T02:36:20.628Z - Handled json message RECORD_TASK_RUNS. Handling time: 2. Response time: 0.
[NX v22.6.3 Daemon Client] - 2026-04-01T02:36:20.628Z - [Messenger] Received message, length: 4
[NX v22.6.3 Daemon Server] - 2026-04-01T02:36:20.629Z - Established a connection. Number of open connections: 2
[NX v22.6.3 Daemon Server] - 2026-04-01T02:36:20.629Z - Closed a connection. Number of open connections: 1
[NX v22.6.3 Daemon Client] - 2026-04-01T02:36:20.630Z - [Messenger] Sending message type: GET_CONFIGURE_AI_AGENTS_STATUS
[NX v22.6.3 Daemon Server] - 2026-04-01T02:36:20.630Z - Received raw message of length 41
[NX v22.6.3 Daemon Server] - 2026-04-01T02:36:20.630Z - Received json message of type GET_CONFIGURE_AI_AGENTS_STATUS
[NX v22.6.3 Daemon Server] - 2026-04-01T02:36:20.630Z - [AI-AGENTS]: Returning cached agent configuration status
[NX v22.6.3 Daemon Server] - 2026-04-01T02:36:20.630Z - Serializing response for GET_CONFIGURE_AI_AGENTS_STATUS message in json mode
[NX v22.6.3 Daemon Server] - 2026-04-01T02:36:20.630Z - Responding to GET_CONFIGURE_AI_AGENTS_STATUS message
[NX v22.6.3 Daemon Server] - 2026-04-01T02:36:20.630Z - [REQUEST]: Responding to the client. handleGetConfigureAiAgentsStatus
[NX v22.6.3 Daemon Server] - 2026-04-01T02:36:20.630Z - Done responding to the client handleGetConfigureAiAgentsStatus
[NX v22.6.3 Daemon Server] - 2026-04-01T02:36:20.630Z - Handled json message GET_CONFIGURE_AI_AGENTS_STATUS. Handling time: 0. Response time: 0.
[NX v22.6.3 Daemon Client] - 2026-04-01T02:36:20.630Z - [Messenger] Message sent
[NX v22.6.3 Daemon Client] - 2026-04-01T02:36:20.631Z - [Messenger] Received message, length: 281
[NX v22.6.3 Daemon Client] - 2026-04-01T02:36:20.638Z - [Messenger] Sending message type: POST_TASKS_EXECUTION
[NX v22.6.3 Daemon Server] - 2026-04-01T02:36:20.639Z - Received raw message of length 2843
[NX v22.6.3 Daemon Server] - 2026-04-01T02:36:20.639Z - Received json message of type POST_TASKS_EXECUTION
[NX v22.6.3 Daemon Server] - 2026-04-01T02:36:20.639Z - Serializing response for POST_TASKS_EXECUTION message in json mode
[NX v22.6.3 Daemon Server] - 2026-04-01T02:36:20.639Z - Responding to POST_TASKS_EXECUTION message
[NX v22.6.3 Daemon Server] - 2026-04-01T02:36:20.639Z - [REQUEST]: Responding to the client. handleRunPostTasksExecution
[NX v22.6.3 Daemon Server] - 2026-04-01T02:36:20.639Z - Done responding to the client handleRunPostTasksExecution
[NX v22.6.3 Daemon Server] - 2026-04-01T02:36:20.639Z - Handled json message POST_TASKS_EXECUTION. Handling time: 0. Response time: 0.
[NX v22.6.3 Daemon Server] - 2026-04-01T02:36:20.639Z - Time taken for 'postTasksExecution' 0.17707900000095833ms
[NX v22.6.3 Daemon Client] - 2026-04-01T02:36:20.640Z - [Messenger] Message sent
[NX v22.6.3 Daemon Client] - 2026-04-01T02:36:20.640Z - [Messenger] Received message, length: 4
[NX v22.6.3 Daemon Server] - 2026-04-01T02:36:20.661Z - [REQUEST]: Updated workspace context based on watched changes, recomputing project graph...
[NX v22.6.3 Daemon Server] - 2026-04-01T02:36:20.661Z - [REQUEST]: plugins/hello-plugin/dist/index.js.map,plugins/hello-plugin/dist/index.d.ts,dist/plugins/hello-plugin/dist/index.js,dist/plugins/hello-plugin/dist/index.d.ts,dist/plugins/hello-plugin/dist/index.js.map,dist/plugins/hello-plugin/openclaw.plugin.json,plugins/hello-plugin/dist/index.js,dist/plugins/hello-plugin/package.json
[NX v22.6.3 Daemon Server] - 2026-04-01T02:36:20.661Z - [REQUEST]: 
[NX v22.6.3 Daemon Server] - 2026-04-01T02:36:20.715Z - Time taken for 'hash changed files from watcher' 0.47343199999886565ms
[NX v22.6.3 Daemon Server] - 2026-04-01T02:36:20.715Z - Closed a connection. Number of open connections: 0
